Log file open, 10/06/17 21:56:03
LogWindows: LoadLibraryWithSearchPaths failed for file aqProf.dll. GetLastError=0
LogWindows: LoadLibraryWithSearchPaths failed for file VtuneApi.dll. GetLastError=0
LogWindows: LoadLibraryWithSearchPaths failed for file VtuneApi32e.dll. GetLastError=0
LogInit: Display: Running engine for game: GoTStreet
LogPlatformFile: Not using cached read wrapper
LogInit: Display: RandInit(507324524) SRandInit(507324524).
LogTaskGraph: Started task graph with 5 named threads and 14 total threads with 3 sets of task threads.
LogStats: Stats thread started at 0.209221
LogD3D11RHI: Aftermath initialized
LogPluginManager: Mounting plugin Paper2D
LogPluginManager: Mounting plugin LightPropagationVolume
LogPluginManager: Mounting plugin CodeLiteSourceCodeAccess
LogPluginManager: Mounting plugin GitSourceControl
LogPluginManager: Mounting plugin KDevelopSourceCodeAccess
LogPluginManager: Mounting plugin NullSourceCodeAccess
LogPluginManager: Mounting plugin PerforceSourceControl
LogPluginManager: Mounting plugin SubversionSourceControl
LogPluginManager: Mounting plugin UObjectPlugin
LogPluginManager: Mounting plugin VisualStudioSourceCodeAccess
LogPluginManager: Mounting plugin XCodeSourceCodeAccess
LogPluginManager: Mounting plugin AssetManagerEditor
LogPluginManager: Mounting plugin AudioCapture
LogPluginManager: Mounting plugin FacialAnimation
LogPluginManager: Mounting plugin GameplayTagsEditor
LogPluginManager: Mounting plugin MobileLauncherProfileWizard
LogPluginManager: Mounting plugin PluginBrowser
LogPluginManager: Mounting plugin SpeedTreeImporter
LogPluginManager: Mounting plugin AlembicImporter
LogPluginManager: Mounting plugin CharacterAI
LogPluginManager: Mounting plugin HTML5Networking
LogPluginManager: Mounting plugin AndroidMedia
LogPluginManager: Mounting plugin AvfMedia
LogPluginManager: Mounting plugin MediaPlayerEditor
LogPluginManager: Mounting plugin WmfMedia
LogPluginManager: Mounting plugin TcpMessaging
LogPluginManager: Mounting plugin UdpMessaging
LogPluginManager: Mounting plugin LevelSequenceEditor
LogPluginManager: Mounting plugin MatineeToLevelSequence
LogPluginManager: Mounting plugin OnlineSubsystemGooglePlay
LogPluginManager: Mounting plugin OnlineSubsystemIOS
LogPluginManager: Mounting plugin OnlineSubsystem
LogPluginManager: Mounting plugin OnlineSubsystemNull
LogPluginManager: Mounting plugin OnlineSubsystemUtils
LogPluginManager: Mounting plugin AndroidDeviceProfileSelector
LogPluginManager: Mounting plugin AndroidMoviePlayer
LogPluginManager: Mounting plugin AndroidPermission
LogPluginManager: Mounting plugin AppleMoviePlayer
LogPluginManager: Mounting plugin ArchVisCharacter
LogPluginManager: Mounting plugin CableComponent
LogPluginManager: Mounting plugin CustomMeshComponent
LogPluginManager: Mounting plugin ExampleDeviceProfileSelector
LogPluginManager: Mounting plugin GoogleCloudMessaging
LogPluginManager: Mounting plugin ImmediatePhysics
LogPluginManager: Mounting plugin IOSDeviceProfileSelector
LogPluginManager: Mounting plugin LinuxDeviceProfileSelector
LogPluginManager: Mounting plugin LocationServicesBPLibrary
LogPluginManager: Mounting plugin MobilePatchingUtils
LogPluginManager: Mounting plugin OculusVR
LogPluginManager: Mounting plugin PhysXVehicles
LogPluginManager: Mounting plugin ProceduralMeshComponent
LogPluginManager: Mounting plugin RuntimePhysXCooking
LogPluginManager: Mounting plugin SteamVR
LogPluginManager: Mounting plugin WindowsMoviePlayer
LogInit: Using libcurl 7.47.1
LogInit:  - built for x86_64-pc-win32
LogInit:  - supports SSL with OpenSSL/1.0.2g
LogInit:  - supports HTTP deflate (compression) using libz 1.2.8
LogInit:  - other features:
LogInit:      CURL_VERSION_SSL
LogInit:      CURL_VERSION_LIBZ
LogInit:      CURL_VERSION_IPV6
LogInit:      CURL_VERSION_ASYNCHDNS
LogInit:      CURL_VERSION_LARGEFILE
LogInit:      CURL_VERSION_IDN
LogInit:  CurlRequestOptions (configurable via config and command line):
LogInit:  - bVerifyPeer = false  - Libcurl will NOT verify peer certificate
LogInit:  - bUseHttpProxy = false  - Libcurl will NOT use HTTP proxy
LogInit:  - bDontReuseConnections = false  - Libcurl will reuse connections
LogInit:  - CertBundlePath = nullptr  - Libcurl will use whatever was configured at build time.
LogInit: Build: ++UE4+Release-4.17-CL-3586342
LogInit: Engine Version: 4.17.1-3586342+++UE4+Release-4.17
LogInit: Compatible Engine Version: 4.17.0-3573198+++UE4+Release-4.17
LogInit: Net CL: 3573198
LogDevObjectVersion: Number of dev versions registered: 16
LogDevObjectVersion:   Dev-Blueprints (B0D832E4-1F89-4F0D-ACCF-7EB736FD4AA2): 10
LogDevObjectVersion:   Dev-Build (E1C64328-A22C-4D53-A36C-8E866417BD8C): 0
LogDevObjectVersion:   Dev-Core (375EC13C-06E4-48FB-B500-84F0262A717E): 2
LogDevObjectVersion:   Dev-Editor (E4B068ED-F494-42E9-A231-DA0B2E46BB41): 20
LogDevObjectVersion:   Dev-Framework (CFFC743F-43B0-4480-9391-14DF171D2073): 28
LogDevObjectVersion:   Dev-Mobile (B02B49B5-BB20-44E9-A304-32B752E40360): 0
LogDevObjectVersion:   Dev-Networking (A4E4105C-59A1-49B5-A7C5-40C4547EDFEE): 0
LogDevObjectVersion:   Dev-Online (39C831C9-5AE6-47DC-9A44-9C173E1C8E7C): 0
LogDevObjectVersion:   Dev-Physics (78F01B33-EBEA-4F98-B9B4-84EACCB95AA2): 0
LogDevObjectVersion:   Dev-Platform (6631380F-2D4D-43E0-8009-CF276956A95A): 0
LogDevObjectVersion:   Dev-Rendering (12F88B9F-8875-4AFC-A67C-D90C383ABD29): 19
LogDevObjectVersion:   Dev-Sequencer (7B5AE74C-D270-4C10-A958-57980B212A5A): 4
LogDevObjectVersion:   Dev-VR (D7296918-1DD6-4BDD-9DE2-64A83CC13884): 0
LogDevObjectVersion:   Dev-LoadTimes (C2A15278-BFE7-4AFE-6C17-90FF531DF755): 1
LogDevObjectVersion:   Private-Geometry (6EACA3D4-40EC-4CC1-B786-8BED09428FC5): 1
LogDevObjectVersion:   Dev-AnimPhys (29E575DD-E0A3-4627-9D10-D276232CDCEA): 7
LogInit: Compiled (64-bit): Aug 15 2017 02:05:26
LogInit: Compiled with Visual C++: 19.00.24215.01
LogInit: Build Configuration: Development
LogInit: Branch Name: ++UE4+Release-4.17
LogInit: Command line: -EpicPortal 
LogInit: Base directory: D:/Programmering/UnrealEngine/UE_4.17/Engine/Binaries/Win64/
LogInit: Installed Engine Build: 1
LogInit: Presizing for max 8388607 objects, including 0 objects not considered by GC, pre-allocating 0 bytes for permanent pool.
LogInit: Object subsystem initialized
[2017.10.06-19.56.05:039][  0]LogInit: Selected Device Profile: [Windows]
[2017.10.06-19.56.05:039][  0]LogInit: Applying CVar settings loaded from the selected device profile: [Windows]
[2017.10.06-19.56.05:068][  0]LogInit: Computer: STOFFE-PC
[2017.10.06-19.56.05:068][  0]LogInit: User: Stoffe
[2017.10.06-19.56.05:068][  0]LogInit: CPU Page size=4096, Cores=4
[2017.10.06-19.56.05:068][  0]LogInit: High frequency timer resolution =3.318390 MHz
[2017.10.06-19.56.05:068][  0]LogMemory: Memory total: Physical=7.9GB (8GB approx)
[2017.10.06-19.56.05:068][  0]LogMemory: Platform Memory Stats for Windows
[2017.10.06-19.56.05:068][  0]LogMemory: Process Physical Memory: 279.92 MB used, 279.92 MB peak
[2017.10.06-19.56.05:068][  0]LogMemory: Process Virtual Memory: 281.95 MB used, 281.95 MB peak
[2017.10.06-19.56.05:068][  0]LogMemory: Physical Memory: 5002.35 MB used,  3128.23 MB free, 8130.57 MB total
[2017.10.06-19.56.05:069][  0]LogMemory: Virtual Memory: 662.00 MB used,  3128.23 MB free, 134217728.00 MB total
[2017.10.06-19.56.05:353][  0]LogInit: Using OS detected language (en-US).
[2017.10.06-19.56.05:355][  0]LogInit: Using OS detected locale (sv-SE).
[2017.10.06-19.56.05:385][  0]LogTextLocalizationManager: No specific localization for 'en-US' exists, so the 'en' localization will be used.
[2017.10.06-19.56.05:386][  0]LogTextLocalizationManager: No localization for 'sv-SE' exists, so 'en-US' will be used for the locale.
[2017.10.06-19.56.06:751][  0]LogD3D11RHI: D3D11 adapters:
[2017.10.06-19.56.07:885][  0]LogD3D11RHI:    0. 'NVIDIA GeForce GTX 970' (Feature Level 11_0)
[2017.10.06-19.56.07:886][  0]LogD3D11RHI:       4059/0/4065 MB DedicatedVideo/DedicatedSystem/SharedSystem, Outputs:2, VendorId:0x10de
[2017.10.06-19.56.07:889][  0]LogD3D11RHI:    1. 'Microsoft Basic Render Driver' (Feature Level 11_0)
[2017.10.06-19.56.07:889][  0]LogD3D11RHI:       0/0/4065 MB DedicatedVideo/DedicatedSystem/SharedSystem, Outputs:0, VendorId:0x1414
[2017.10.06-19.56.07:889][  0]LogD3D11RHI: Chosen D3D11 Adapter: 0
[2017.10.06-19.56.07:901][  0]LogD3D11RHI: Creating new Direct3DDevice
[2017.10.06-19.56.07:902][  0]LogD3D11RHI:     GPU DeviceId: 0x13c2 (for the marketing name, search the web for "GPU Device Id")
[2017.10.06-19.56.07:902][  0]LogWindows: EnumDisplayDevices:
[2017.10.06-19.56.07:902][  0]LogWindows:    0. 'NVIDIA GeForce GTX 970' (P:0 D:1)
[2017.10.06-19.56.07:902][  0]LogWindows:    1. 'NVIDIA GeForce GTX 970' (P:1 D:1)
[2017.10.06-19.56.07:902][  0]LogWindows:    2. 'NVIDIA GeForce GTX 970' (P:0 D:0)
[2017.10.06-19.56.07:902][  0]LogWindows:    3. 'NVIDIA GeForce GTX 970' (P:0 D:0)
[2017.10.06-19.56.07:902][  0]LogWindows: DebugString: FoundDriverCount:4 
[2017.10.06-19.56.07:902][  0]LogD3D11RHI:     Adapter Name: NVIDIA GeForce GTX 970
[2017.10.06-19.56.07:902][  0]LogD3D11RHI:   Driver Version: 382.53 (internal:22.21.13.8253, unified:382.53)
[2017.10.06-19.56.07:902][  0]LogD3D11RHI:      Driver Date: 6-7-2017
[2017.10.06-19.56.07:902][  0]LogRHI: Texture pool is 1361 MB (70% of 1945 MB)
[2017.10.06-19.56.09:484][  0]LogD3D11RHI: Async texture creation enabled
[2017.10.06-19.56.09:524][  0]LogD3D11RHI: GPU Timing Frequency: 1000.000000 (Debug: 2 1)
[2017.10.06-19.56.09:539][  0]LogShaderCompilers: Guid format shader working directory is 23 characters bigger than the processId version (../../../../../GoTStreet/Intermediate/Shaders/WorkingDirectory/9152/).
[2017.10.06-19.56.09:539][  0]LogShaderCompilers: Cleaned the shader compiler working directory 'C:/Users/Stoffe/AppData/Local/Temp/UnrealShaderWorkingDir/07EF07A847D2CCDEA9A22D8D6D7C6353/'.
[2017.10.06-19.56.09:539][  0]LogShaderCompilers: Display: Using Local Shader Compiler.
[2017.10.06-19.56.11:134][  0]LogTemp: Display: Loaded TP AllDesktopTargetPlatform
[2017.10.06-19.56.11:207][  0]LogTemp: Display: Loaded TP MacClientTargetPlatform
[2017.10.06-19.56.11:282][  0]LogTemp: Display: Loaded TP MacNoEditorTargetPlatform
[2017.10.06-19.56.11:361][  0]LogTemp: Display: Loaded TP MacServerTargetPlatform
[2017.10.06-19.56.11:440][  0]LogTemp: Display: Loaded TP MacTargetPlatform
[2017.10.06-19.56.11:516][  0]LogTemp: Display: Loaded TP WindowsClientTargetPlatform
[2017.10.06-19.56.11:597][  0]LogTemp: Display: Loaded TP WindowsNoEditorTargetPlatform
[2017.10.06-19.56.11:683][  0]LogTemp: Display: Loaded TP WindowsServerTargetPlatform
[2017.10.06-19.56.11:758][  0]LogTemp: Display: Loaded TP WindowsTargetPlatform
[2017.10.06-19.56.11:832][  0]LogTemp: Display: Loaded TP AndroidTargetPlatform
[2017.10.06-19.56.11:910][  0]LogTemp: Display: Loaded TP Android_ASTCTargetPlatform
[2017.10.06-19.56.11:987][  0]LogTemp: Display: Loaded TP Android_ATCTargetPlatform
[2017.10.06-19.56.12:067][  0]LogTemp: Display: Loaded TP Android_DXTTargetPlatform
[2017.10.06-19.56.12:168][  0]LogTemp: Display: Loaded TP Android_ETC1TargetPlatform
[2017.10.06-19.56.12:248][  0]LogTemp: Display: Loaded TP Android_ETC2TargetPlatform
[2017.10.06-19.56.12:433][  0]LogTemp: Display: Loaded TP Android_MultiTargetPlatform
[2017.10.06-19.56.12:433][  0]LogTemp: Display: Loaded TP Android_PVRTCTargetPlatform
[2017.10.06-19.56.12:503][  0]LogTemp: Display: Loaded TP HTML5TargetPlatform
[2017.10.06-19.56.12:669][  0]LogTemp: Display: Loaded TP IOSTargetPlatform
[2017.10.06-19.56.12:707][  0]LogTemp: Display: Loaded TP TVOSTargetPlatform
[2017.10.06-19.56.12:782][  0]LogTemp: Display: Loaded TP LinuxClientTargetPlatform
[2017.10.06-19.56.12:886][  0]LogTemp: Display: Loaded TP LinuxNoEditorTargetPlatform
[2017.10.06-19.56.12:960][  0]LogTemp: Display: Loaded TP LinuxServerTargetPlatform
[2017.10.06-19.56.13:034][  0]LogTemp: Display: Loaded TP LinuxTargetPlatform
[2017.10.06-19.56.13:034][  0]LogTargetPlatformManager: Display: Building Assets For Windows
[2017.10.06-19.56.13:831][  0]LogDerivedDataCache: Display: Max Cache Size: 512 MB
[2017.10.06-19.56.14:117][  0]LogDerivedDataCache: Loaded boot cache 0.29s 93MB C:/Users/Stoffe/AppData/Local/UnrealEngine/4.17/DerivedDataCache/Boot.ddc.
[2017.10.06-19.56.14:117][  0]LogDerivedDataCache: Display: Loaded Boot cache: C:/Users/Stoffe/AppData/Local/UnrealEngine/4.17/DerivedDataCache/Boot.ddc
[2017.10.06-19.56.14:118][  0]LogDerivedDataCache: FDerivedDataBackendGraph:  Pak pak cache file ../../../../../GoTStreet/DerivedDataCache/DDC.ddp not found, will not use a pak cache.
[2017.10.06-19.56.14:118][  0]LogDerivedDataCache: Unable to find inner node Pak for hierarchical cache Hierarchy.
[2017.10.06-19.56.14:118][  0]LogDerivedDataCache: FDerivedDataBackendGraph:  CompressedPak pak cache file ../../../../../GoTStreet/DerivedDataCache/Compressed.ddp not found, will not use a pak cache.
[2017.10.06-19.56.14:118][  0]LogDerivedDataCache: Unable to find inner node CompressedPak for hierarchical cache Hierarchy.
[2017.10.06-19.56.14:140][  0]LogDerivedDataCache: Display: Pak cache opened for reading ../../../Engine/DerivedDataCache/Compressed.ddp.
[2017.10.06-19.56.14:156][  0]LogDerivedDataCache: Using Local data cache path C:/Users/Stoffe/AppData/Local/UnrealEngine/Common/DerivedDataCache: Writable
[2017.10.06-19.56.14:170][  0]LogMaterial: Verifying Global Shaders for PCD3D_SM5
[2017.10.06-19.56.14:174][  0]LogSlate: Using Freetype 2.6.0
[2017.10.06-19.56.14:177][  0]LogSlate: SlateFontCache - WITH_FREETYPE: 1, WITH_HARFBUZZ: 1
[2017.10.06-19.56.14:177][  0]LogSlate: SlateFontCache - WITH_FREETYPE: 1, WITH_HARFBUZZ: 1
[2017.10.06-19.56.14:670][  0]LogAssetRegistry: FAssetRegistry took 0.0336 seconds to start up
[2017.10.06-19.56.14:916][  0]LogInit: Selected Device Profile: [Windows]
[2017.10.06-19.56.15:265][  0]LogContentStreaming: Texture pool size is 0.00 MB
[2017.10.06-19.56.15:780][  0]LogSimplygon: Simplygon DLL not present - disabling.
[2017.10.06-19.56.15:838][  0]LogMeshReduction: Using SimplygonSwarm for distributed automatic mesh merging
[2017.10.06-19.56.15:838][  0]LogMeshReduction: Using QuadricMeshReduction for automatic static mesh reduction
[2017.10.06-19.56.15:838][  0]LogMeshReduction: No automatic skeletal mesh reduction module available
[2017.10.06-19.56.15:838][  0]LogMeshReduction: No automatic mesh merging module available
[2017.10.06-19.56.15:838][  0]LogMeshMerging: No automatic mesh merging module available
[2017.10.06-19.56.16:451][  0]LogNetVersion: GoTStreet , NetCL: 3573198, EngineNetVer: 2, GameNetVer: 0 (Checksum: 3135049598)
[2017.10.06-19.56.16:843][  0]LogPackageLocalizationCache: Processed 5 localized package path(s) for 2 prioritized culture(s) in 0.094508 seconds
[2017.10.06-19.56.16:852][  0]LogUObjectArray: 35825 objects as part of root set at end of initial load.
[2017.10.06-19.56.16:852][  0]LogUObjectAllocator: 7529112 out of 0 bytes used by permanent object pool.
[2017.10.06-19.56.16:852][  0]LogUObjectArray: CloseDisregardForGC: 0/0 objects in disregard for GC pool
[2017.10.06-19.56.16:918][  0]LogInit: WinSock: version 1.1 (2.2), MaxSocks=32767, MaxUdp=65467
[2017.10.06-19.56.20:732][  0]LogWmfMedia: Failed to load mf.dll
[2017.10.06-19.56.20:732][  0]LogWmfMedia: Failed to load required Windows Media Foundation libraries
[2017.10.06-19.56.20:808][  0]LogWindowsMoviePlayer: Could not load mf.dll. Library not found.
[2017.10.06-19.56.20:810][  0]LogWindowsMoviePlayer: Could not load mfplat.dll. Library not found.
[2017.10.06-19.56.20:812][  0]LogWindowsMoviePlayer: Could not load mfplay.dll. Library not found.
[2017.10.06-19.56.21:553][  0]LogTcpMessaging: Initializing TcpMessaging bridge
[2017.10.06-19.56.21:614][  0]LogUdpMessaging: Initializing bridge on interface 0.0.0.0:0 to multicast group 230.0.0.1:6666.
[2017.10.06-19.56.22:751][  0]LogMaterial: Uniform references updated for custom material expression Custom.
[2017.10.06-19.56.23:442][  0]SourceControl: Source control is disabled
[2017.10.06-19.56.23:442][  0]SourceControl: Source control is disabled
[2017.10.06-19.56.23:598][  0]SourceControl: Source control is disabled
[2017.10.06-19.56.23:670][  0]SourceControl: Source control is disabled
[2017.10.06-19.56.24:644][  0]LogAndroidPermission: UAndroidPermissionCallbackProxy::GetInstance
[2017.10.06-19.56.25:034][  0]LogOcInput: OculusInput pre-init called
[2017.10.06-19.56.25:502][  0]LogEngine: Initializing Engine...
[2017.10.06-19.56.25:506][  0]LogHMD: Failed to initialize OpenVR with code 110
[2017.10.06-19.56.26:043][  0]LogStats: UGameplayTagsManager::ConstructGameplayTagTree: Construct from data asset -  0.000 s
[2017.10.06-19.56.26:043][  0]LogStats: UGameplayTagsManager::ConstructGameplayTagTree: GameplayTagTreeChangedEvent.Broadcast -  0.000 s
[2017.10.06-19.56.26:300][  0]LogAIModule: Creating AISystem for world Untitled
[2017.10.06-19.56.26:318][  0]LogInit: XAudio2 using 'Speakers (Realtek High Definition Audio)' : 6 channels at 48 kHz using 32 bits per sample (channel mask 0x3f)
[2017.10.06-19.56.26:347][  0]LogInit: FAudioDevice initialized.
[2017.10.06-19.56.26:536][  0]LogDerivedDataCache: Saved boot cache 0.19s 93MB C:/Users/Stoffe/AppData/Local/UnrealEngine/4.17/DerivedDataCache/Boot.ddc.
[2017.10.06-19.56.26:570][  0]LogInit: Texture streaming: Enabled
[2017.10.06-19.56.26:749][  0]LogEngineSessionManager: EngineSessionManager initialized
[2017.10.06-19.56.27:184][  0]LogInit: Transaction tracking system initialized
[2017.10.06-19.56.27:833][  0]BlueprintLog: New page: Editor Load
[2017.10.06-19.56.29:363][  0]LocalizationService: Localization service is disabled
[2017.10.06-19.56.30:719][  0]LogConsoleResponse: Display: 
[2017.10.06-19.56.31:135][  0]LogFileCache: Scanning file cache for directory 'D:/Programmering/GoTStreet/Content/' took 0.05s
[2017.10.06-19.56.31:135][  0]LogCook: Display: Max memory allowance for cook 16384mb min free memory 0mb
[2017.10.06-19.56.31:135][  0]LogCook: Display: Mobile HDR setting 1
[2017.10.06-19.56.31:135][  0]LogGameplayTags: Display: UGameplayTagsManager::DoneAddingNativeTags. DelegateIsBound: 0
[2017.10.06-19.56.33:003][  0]SourceControl: Source control is disabled
[2017.10.06-19.56.33:003][  0]Cmd: MAP LOAD FILE="../../../../../GoTStreet/Content/ThirdPersonBP/Maps/ThirdPersonExampleMap.umap" TEMPLATE=0 SHOWPROGRESS=1 FEATURELEVEL=3
[2017.10.06-19.56.33:017][  0]LightingResults: New page: Lighting Build
[2017.10.06-19.56.33:094][  0]MapCheck: New page: Map Check
[2017.10.06-19.56.33:095][  0]LightingResults: New page: Lighting Build
[2017.10.06-19.56.35:931][  0]LogAIModule: Creating AISystem for world ThirdPersonExampleMap
[2017.10.06-19.56.36:279][  0]LogEditorServer: Finished looking for orphan Actors (0.000 secs)
[2017.10.06-19.56.36:347][  0]Cmd: MAP CHECKDEP NOCLEARLOG
[2017.10.06-19.56.36:509][  0]MapCheck: Map check complete: 0 Error(s), 0 Warning(s), took 161.785ms to complete.
[2017.10.06-19.56.36:509][  0]LogFileHelpers: Loading map 'ThirdPersonExampleMap' took 3.506
[2017.10.06-19.56.36:648][  0]LogWindowsTextInputMethodSystem: Display: IME system now deactivated.
[2017.10.06-19.56.37:717][  0]LogCollectionManager: Loaded 0 collections in 0.001946 seconds
[2017.10.06-19.56.37:885][  0]LogFileCache: Scanning file cache for directory 'D:/Programmering/GoTStreet/Saved/Collections/' took 0.01s
[2017.10.06-19.56.37:885][  0]LogFileCache: Scanning file cache for directory 'D:/Programmering/GoTStreet/Content/Developers/Stoffe/Collections/' took 0.01s
[2017.10.06-19.56.37:885][  0]LogFileCache: Scanning file cache for directory 'D:/Programmering/GoTStreet/Content/Collections/' took 0.01s
[2017.10.06-19.56.37:885][  0]LogCollectionManager: Rebuilt the GUID cache for 0 collections in 0.000001 seconds
[2017.10.06-19.56.37:898][  0]LogContentBrowser: Native class hierarchy populated in 0.0127 seconds. Added 2386 classes and 500 folders.
[2017.10.06-19.56.38:047][  0]LogContentBrowser: Native class hierarchy updated for 'WidgetCarousel' in 0.0010 seconds. Added 0 classes and 0 folders.
[2017.10.06-19.56.39:182][  0]LogContentBrowser: Native class hierarchy updated for 'AddContentDialog' in 0.0006 seconds. Added 0 classes and 0 folders.
[2017.10.06-19.56.39:309][  0]LogContentBrowser: Native class hierarchy updated for 'SceneOutliner' in 0.0010 seconds. Added 1 classes and 2 folders.
[2017.10.06-19.56.40:402][  0]LogSlate: Took 0.001253 seconds to synchronously load lazily loaded font '../../../Engine/Content/Slate/Fonts/Roboto-Regular.ttf' (155K)
[2017.10.06-19.56.40:405][  0]LogSlate: Took 0.000639 seconds to synchronously load lazily loaded font '../../../Engine/Content/Slate/Fonts/Roboto-Bold.ttf' (160K)
[2017.10.06-19.56.40:467][  0]LogSlate: Took 0.026234 seconds to synchronously load lazily loaded font '../../../Engine/Content/Editor/Slate/Fonts/FontAwesome.ttf' (139K)
[2017.10.06-19.56.41:152][  0]LogRenderer: Reallocating scene render targets to support 1168x668 Format 10 NumSamples 1 (Frame:1).
[2017.10.06-19.56.42:071][  0]LogContentBrowser: Native class hierarchy updated for 'HierarchicalLODOutliner' in 0.0010 seconds. Added 1 classes and 2 folders.
[2017.10.06-19.56.42:072][  0]LogLoad: (Engine Initialization) Total time: 41.15 seconds
[2017.10.06-19.56.42:072][  0]LogLoad: (Engine Initialization) Total Blueprint compile time: 0.00 seconds
[2017.10.06-19.56.42:072][  0]LogExternalProfiler: Found external profiler: VSPerf
[2017.10.06-19.56.42:072][  0]LogExternalProfiler: Using external profiler: VSPerf
[2017.10.06-19.56.42:199][  0]LogContentStreaming: Texture pool size now 1000 MB
[2017.10.06-19.56.42:674][  1]LogSlate: Took 0.024940 seconds to synchronously load lazily loaded font '../../../Engine/Content/Slate/Fonts/Roboto-Light.ttf' (159K)
[2017.10.06-19.56.42:835][  4]LogAssetRegistry: Asset discovery search completed in 28.1877 seconds
[2017.10.06-19.56.42:838][  4]LogCollectionManager: Rebuilt the object cache for 0 collections in 0.000001 seconds (found 0 objects)
[2017.10.06-19.56.42:838][  4]LogCollectionManager: Fixed up redirectors for 0 collections in 0.000093 seconds (updated 0 objects)
[2017.10.06-19.57.00:314][337]LogSlate: Took 0.060096 seconds to synchronously load lazily loaded font '../../../Engine/Content/Slate/Fonts/Roboto-Light.ttf' (159K)
[2017.10.06-19.57.01:030][337]LogSlate: Took 0.013070 seconds to synchronously load lazily loaded font '../../../Engine/Content/Slate/Fonts/Roboto-Regular.ttf' (155K)
[2017.10.06-19.57.01:483][337]LogContentBrowser: Native class hierarchy updated for 'BlueprintGraph' in 0.0035 seconds. Added 113 classes and 0 folders.
[2017.10.06-19.57.03:801][337]LogSlate: Took 0.037189 seconds to synchronously load lazily loaded font '../../../Engine/Content/Editor/Slate/Fonts/Roboto-BoldCondensed.ttf' (158K)
[2017.10.06-19.57.12:103][642]LogAIModule: Creating AISystem for world GoTStreet
[2017.10.06-19.57.12:273][642]Cmd: MAP LOAD FILE="../../../../../GoTStreet/Content/ThirdPersonBP/Maps/GoTStreet.umap" TEMPLATE=0 SHOWPROGRESS=1 FEATURELEVEL=3
[2017.10.06-19.57.12:273][642]LightingResults: New page: Lighting Build
[2017.10.06-19.57.12:274][642]LoadErrors: New page: Loading map: GoTStreet.umap
[2017.10.06-19.57.12:299][642]MapCheck: New page: Map Check
[2017.10.06-19.57.12:299][642]LightingResults: New page: Lighting Build
[2017.10.06-19.57.12:582][642]LogEditorServer: Finished looking for orphan Actors (0.000 secs)
[2017.10.06-19.57.12:649][642]Cmd: MAP CHECKDEP NOCLEARLOG
[2017.10.06-19.57.12:766][642]MapCheck: Map check complete: 0 Error(s), 0 Warning(s), took 116.672ms to complete.
[2017.10.06-19.57.12:766][642]LogFileHelpers: Loading map 'GoTStreet' took 0.503
[2017.10.06-19.57.21:175][143]LogSlate: Took 0.022383 seconds to synchronously load lazily loaded font '../../../Engine/Content/Editor/Slate/Fonts/Roboto-Italic.ttf' (157K)
[2017.10.06-20.00.25:677][934]LogEditorViewport: Clicking Background
[2017.10.06-20.00.43:876][250]LogEditorViewport: Clicking on Actor (LMB): Hodoor_C (Hodoor)
[2017.10.06-20.00.45:022][333]Cmd: DELETE
[2017.10.06-20.00.45:022][333]Cmd: ACTOR DELETE
[2017.10.06-20.00.45:159][333]LogEditorActor: Deleted Actor: Hodoor_C
[2017.10.06-20.00.45:185][333]LogEditorActor: Deleted 1 Actors (0.027 secs)
[2017.10.06-20.04.18:462][592]Cmd: OBJ SAVEPACKAGE PACKAGE="/Game/ThirdPersonBP/Blueprints/Hodoor" FILE="../../../../../GoTStreet/Content/ThirdPersonBP/Blueprints/Hodoor.uasset" SILENT=true
[2017.10.06-20.04.18:693][592]LogSavePackage: Save=127.32ms
[2017.10.06-20.04.18:693][592]LogSavePackage: Moving '../../../../../GoTStreet/Saved/HodoorE6A367FE4F3201C17555FF9B0CCE3D2C.tmp' to '../../../../../GoTStreet/Content/ThirdPersonBP/Blueprints/Hodoor.uasset'
[2017.10.06-20.04.18:725][592]LogSavePackage: Display: Finished SavePackage ../../../../../GoTStreet/Content/ThirdPersonBP/Blueprints/Hodoor.uasset
[2017.10.06-20.04.27:861][117]LogEditorActor: Deleted Actor: Hodoor_C
[2017.10.06-20.04.27:884][117]LogEditorActor: Deleted 1 Actors (0.024 secs)
[2017.10.06-20.04.33:194][509]Cmd: OBJ SAVEPACKAGE PACKAGE="/Game/ThirdPersonBP/Blueprints/Hodoor" FILE="../../../../../GoTStreet/Content/ThirdPersonBP/Blueprints/Hodoor.uasset" SILENT=true
[2017.10.06-20.04.33:224][509]LogSavePackage: Save=27.16ms
[2017.10.06-20.04.33:224][509]LogSavePackage: Moving '../../../../../GoTStreet/Saved/Hodoor83DBE1BC42F34A6CE41AC2BC8FE677D4.tmp' to '../../../../../GoTStreet/Content/ThirdPersonBP/Blueprints/Hodoor.uasset'
[2017.10.06-20.04.33:225][509]LogSavePackage: Display: Finished SavePackage ../../../../../GoTStreet/Content/ThirdPersonBP/Blueprints/Hodoor.uasset
[2017.10.06-20.04.34:919][653]BlueprintLog: New page: Compile Hodoor
[2017.10.06-20.04.37:593][801]LogTemp: Repeating last play command: Selected Viewport
[2017.10.06-20.04.37:788][801]LogPlayLevel: PlayLevel: No blueprints needed recompiling
[2017.10.06-20.04.37:854][801]PIE: New page: PIE session: GoTStreet (Oct 7, 2017, 12:04:37 AM)
[2017.10.06-20.04.37:863][801]LogPlayLevel: Creating play world package: /Game/ThirdPersonBP/Maps/UEDPIE_0_GoTStreet
[2017.10.06-20.04.37:893][801]LogPlayLevel: PIE: StaticDuplicateObject took: (0.030323s)
[2017.10.06-20.04.37:894][801]LogAIModule: Creating AISystem for world GoTStreet
[2017.10.06-20.04.37:894][801]LogPlayLevel: PIE: World Init took: (0.000805s)
[2017.10.06-20.04.37:906][801]LogPlayLevel: PIE: Created PIE world by copying editor world from /Game/ThirdPersonBP/Maps/GoTStreet.GoTStreet to /Game/ThirdPersonBP/Maps/UEDPIE_0_GoTStreet.GoTStreet (0.043838s)
[2017.10.06-20.04.37:965][801]LogInit: XAudio2 using 'Speakers (Realtek High Definition Audio)' : 6 channels at 48 kHz using 32 bits per sample (channel mask 0x3f)
[2017.10.06-20.04.37:978][801]LogInit: FAudioDevice initialized.
[2017.10.06-20.04.38:102][801]LogLoad: Game class is 'ThirdPersonGameMode_C'
[2017.10.06-20.04.38:194][801]LogWorld: Bringing World /Game/ThirdPersonBP/Maps/UEDPIE_0_GoTStreet.GoTStreet up for play (max tick rate 0) at 2017.10.06-22.04.38
[2017.10.06-20.04.38:227][801]LogWorld: Bringing up level for play took: 0.041564
[2017.10.06-20.04.38:486][801]LogContentBrowser: Native class hierarchy updated for 'MovieSceneCapture' in 0.0008 seconds. Added 11 classes and 0 folders.
[2017.10.06-20.04.38:549][801]PIE: Play in editor start time for /Game/ThirdPersonBP/Maps/UEDPIE_0_GoTStreet 1.338
[2017.10.06-20.05.46:677][644]LogEditorActor: Deleted Actor: Hodoor_C
[2017.10.06-20.05.46:701][644]LogEditorActor: Deleted 1 Actors (0.025 secs)
[2017.10.06-20.05.55:976][364]BlueprintLog: New page: Compile Hodoor
[2017.10.06-20.05.56:815][407]LogTemp: Repeating last play command: Selected Viewport
[2017.10.06-20.05.56:827][407]LogPlayLevel: PlayLevel: No blueprints needed recompiling
[2017.10.06-20.05.56:828][407]PIE: New page: PIE session: GoTStreet (Oct 7, 2017, 12:05:56 AM)
[2017.10.06-20.05.56:828][407]LogPlayLevel: Creating play world package: /Game/ThirdPersonBP/Maps/UEDPIE_0_GoTStreet
[2017.10.06-20.05.56:834][407]LogPlayLevel: PIE: StaticDuplicateObject took: (0.005859s)
[2017.10.06-20.05.56:834][407]LogAIModule: Creating AISystem for world GoTStreet
[2017.10.06-20.05.56:834][407]LogPlayLevel: PIE: World Init took: (0.000652s)
[2017.10.06-20.05.56:834][407]LogPlayLevel: PIE: Created PIE world by copying editor world from /Game/ThirdPersonBP/Maps/GoTStreet.GoTStreet to /Game/ThirdPersonBP/Maps/UEDPIE_0_GoTStreet.GoTStreet (0.006751s)
[2017.10.06-20.05.56:858][407]LogInit: XAudio2 using 'Speakers (Realtek High Definition Audio)' : 6 channels at 48 kHz using 32 bits per sample (channel mask 0x3f)
[2017.10.06-20.05.56:868][407]LogInit: FAudioDevice initialized.
[2017.10.06-20.05.56:906][407]LogLoad: Game class is 'ThirdPersonGameMode_C'
[2017.10.06-20.05.56:911][407]LogWorld: Bringing World /Game/ThirdPersonBP/Maps/UEDPIE_0_GoTStreet.GoTStreet up for play (max tick rate 0) at 2017.10.06-22.05.56
[2017.10.06-20.05.56:912][407]LogWorld: Bringing up level for play took: 0.005686
[2017.10.06-20.05.56:915][407]PIE: Play in editor start time for /Game/ThirdPersonBP/Maps/UEDPIE_0_GoTStreet -0.296
[2017.10.06-20.06.54:064][549]Cmd: OBJ SAVEPACKAGE PACKAGE="/Game/ThirdPersonBP/Blueprints/Hodoor" FILE="../../../../../GoTStreet/Content/ThirdPersonBP/Blueprints/Hodoor.uasset" SILENT=true
[2017.10.06-20.06.54:105][549]LogSavePackage: Save=36.45ms
[2017.10.06-20.06.54:105][549]LogSavePackage: Moving '../../../../../GoTStreet/Saved/HodoorC0F2710342EA8B21441A789B7D9EE2D0.tmp' to '../../../../../GoTStreet/Content/ThirdPersonBP/Blueprints/Hodoor.uasset'
[2017.10.06-20.06.54:108][549]LogSavePackage: Display: Finished SavePackage ../../../../../GoTStreet/Content/ThirdPersonBP/Blueprints/Hodoor.uasset
[2017.10.06-20.06.55:833][653]LogTemp: Repeating last play command: Selected Viewport
[2017.10.06-20.06.55:847][653]LogPlayLevel: PlayLevel: No blueprints needed recompiling
[2017.10.06-20.06.55:847][653]PIE: New page: PIE session: GoTStreet (Oct 7, 2017, 12:06:55 AM)
[2017.10.06-20.06.55:847][653]LogPlayLevel: Creating play world package: /Game/ThirdPersonBP/Maps/UEDPIE_0_GoTStreet
[2017.10.06-20.06.55:853][653]LogPlayLevel: PIE: StaticDuplicateObject took: (0.005865s)
[2017.10.06-20.06.55:854][653]LogAIModule: Creating AISystem for world GoTStreet
[2017.10.06-20.06.55:854][653]LogPlayLevel: PIE: World Init took: (0.000663s)
[2017.10.06-20.06.55:854][653]LogPlayLevel: PIE: Created PIE world by copying editor world from /Game/ThirdPersonBP/Maps/GoTStreet.GoTStreet to /Game/ThirdPersonBP/Maps/UEDPIE_0_GoTStreet.GoTStreet (0.006759s)
[2017.10.06-20.06.55:882][653]LogInit: XAudio2 using 'Speakers (Realtek High Definition Audio)' : 6 channels at 48 kHz using 32 bits per sample (channel mask 0x3f)
[2017.10.06-20.06.55:892][653]LogInit: FAudioDevice initialized.
[2017.10.06-20.06.55:925][653]LogLoad: Game class is 'ThirdPersonGameMode_C'
[2017.10.06-20.06.55:930][653]LogWorld: Bringing World /Game/ThirdPersonBP/Maps/UEDPIE_0_GoTStreet.GoTStreet up for play (max tick rate 0) at 2017.10.06-22.06.55
[2017.10.06-20.06.55:931][653]LogWorld: Bringing up level for play took: 0.005684
[2017.10.06-20.06.55:936][653]PIE: Play in editor start time for /Game/ThirdPersonBP/Maps/UEDPIE_0_GoTStreet 0.725
[2017.10.06-20.07.19:874][198]LogEditorViewport: Clicking Background
[2017.10.06-20.07.34:122][948]Cmd: OBJ SAVEPACKAGE PACKAGE="/Game/ThirdPersonBP/Blueprints/Hodoor" FILE="../../../../../GoTStreet/Content/ThirdPersonBP/Blueprints/Hodoor.uasset" SILENT=true
[2017.10.06-20.07.34:166][948]LogSavePackage: Save=40.23ms
[2017.10.06-20.07.34:166][948]LogSavePackage: Moving '../../../../../GoTStreet/Saved/HodoorDE5A30D34C69EFC912608B90EA54D624.tmp' to '../../../../../GoTStreet/Content/ThirdPersonBP/Blueprints/Hodoor.uasset'
[2017.10.06-20.07.34:168][948]LogSavePackage: Display: Finished SavePackage ../../../../../GoTStreet/Content/ThirdPersonBP/Blueprints/Hodoor.uasset
[2017.10.06-20.07.34:549][970]BlueprintLog: New page: Compile Hodoor
[2017.10.06-20.07.36:438][ 40]LogTemp: Repeating last play command: Selected Viewport
[2017.10.06-20.07.36:453][ 40]LogPlayLevel: PlayLevel: No blueprints needed recompiling
[2017.10.06-20.07.36:453][ 40]PIE: New page: PIE session: GoTStreet (Oct 7, 2017, 12:07:36 AM)
[2017.10.06-20.07.36:453][ 40]LogPlayLevel: Creating play world package: /Game/ThirdPersonBP/Maps/UEDPIE_0_GoTStreet
[2017.10.06-20.07.36:458][ 40]LogPlayLevel: PIE: StaticDuplicateObject took: (0.005168s)
[2017.10.06-20.07.36:459][ 40]LogAIModule: Creating AISystem for world GoTStreet
[2017.10.06-20.07.36:459][ 40]LogPlayLevel: PIE: World Init took: (0.000674s)
[2017.10.06-20.07.36:459][ 40]LogPlayLevel: PIE: Created PIE world by copying editor world from /Game/ThirdPersonBP/Maps/GoTStreet.GoTStreet to /Game/ThirdPersonBP/Maps/UEDPIE_0_GoTStreet.GoTStreet (0.006063s)
[2017.10.06-20.07.36:490][ 40]LogInit: XAudio2 using 'Speakers (Realtek High Definition Audio)' : 6 channels at 48 kHz using 32 bits per sample (channel mask 0x3f)
[2017.10.06-20.07.36:504][ 40]LogInit: FAudioDevice initialized.
[2017.10.06-20.07.36:541][ 40]LogLoad: Game class is 'ThirdPersonGameMode_C'
[2017.10.06-20.07.36:547][ 40]LogWorld: Bringing World /Game/ThirdPersonBP/Maps/UEDPIE_0_GoTStreet.GoTStreet up for play (max tick rate 0) at 2017.10.06-22.07.36
[2017.10.06-20.07.36:547][ 40]LogWorld: Bringing up level for play took: 0.005108
[2017.10.06-20.07.36:568][ 40]LogScript: Warning: Infinite script recursion (250 calls) detected - see log for stack trace
	Hodoor_C /Game/ThirdPersonBP/Maps/UEDPIE_0_GoTStreet.GoTStreet:PersistentLevel.Hodoor_C_123
	Function /Game/ThirdPersonBP/Blueprints/Hodoor.Hodoor_C:ExecuteUbergraph_Hodoor:0000
[2017.10.06-20.07.36:589][ 40]PIE: Error: Infinite Loop detected in  Hodoor , asserted during  Delay with the following  Call Stack
[2017.10.06-20.07.36:589][ 40]PIE: Play in editor start time for /Game/ThirdPersonBP/Maps/UEDPIE_0_GoTStreet -0.622
[2017.10.06-20.07.38:719][155]Cmd: SELECT NONE
[2017.10.06-20.07.39:224][187]Cmd: SELECT NONE
[2017.10.06-20.07.39:569][208]LogEditorViewport: Clicking on Actor (LMB): House_C (House7)
[2017.10.06-20.07.40:043][233]Cmd: SELECT NONE
[2017.10.06-20.07.40:436][259]Cmd: SELECT NONE
[2017.10.06-20.07.41:023][296]Cmd: SELECT NONE
[2017.10.06-20.07.47:508][675]LogEditorActor: Deleted Actor: Hodoor_C
[2017.10.06-20.07.47:535][675]LogEditorActor: Deleted 1 Actors (0.027 secs)
[2017.10.06-20.07.48:994][775]LogTemp: Repeating last play command: Selected Viewport
[2017.10.06-20.07.49:007][775]LogPlayLevel: PlayLevel: No blueprints needed recompiling
[2017.10.06-20.07.49:007][775]PIE: New page: PIE session: GoTStreet (Oct 7, 2017, 12:07:49 AM)
[2017.10.06-20.07.49:008][775]LogPlayLevel: Creating play world package: /Game/ThirdPersonBP/Maps/UEDPIE_0_GoTStreet
[2017.10.06-20.07.49:013][775]LogPlayLevel: PIE: StaticDuplicateObject took: (0.005866s)
[2017.10.06-20.07.49:014][775]LogAIModule: Creating AISystem for world GoTStreet
[2017.10.06-20.07.49:014][775]LogPlayLevel: PIE: World Init took: (0.000711s)
[2017.10.06-20.07.49:014][775]LogPlayLevel: PIE: Created PIE world by copying editor world from /Game/ThirdPersonBP/Maps/GoTStreet.GoTStreet to /Game/ThirdPersonBP/Maps/UEDPIE_0_GoTStreet.GoTStreet (0.006845s)
[2017.10.06-20.07.49:042][775]LogInit: XAudio2 using 'Speakers (Realtek High Definition Audio)' : 6 channels at 48 kHz using 32 bits per sample (channel mask 0x3f)
[2017.10.06-20.07.49:052][775]LogInit: FAudioDevice initialized.
[2017.10.06-20.07.49:087][775]LogLoad: Game class is 'ThirdPersonGameMode_C'
[2017.10.06-20.07.49:093][775]LogWorld: Bringing World /Game/ThirdPersonBP/Maps/UEDPIE_0_GoTStreet.GoTStreet up for play (max tick rate 0) at 2017.10.06-22.07.49
[2017.10.06-20.07.49:093][775]LogWorld: Bringing up level for play took: 0.005690
[2017.10.06-20.07.49:098][775]PIE: Play in editor start time for /Game/ThirdPersonBP/Maps/UEDPIE_0_GoTStreet -0.113
[2017.10.06-20.08.16:083][548]LogSlate: Took 0.009818 seconds to synchronously load lazily loaded font '../../../Engine/Content/Slate/Fonts/Roboto-Light.ttf' (159K)
[2017.10.06-20.08.24:824][956]Cmd: OBJ SAVEPACKAGE PACKAGE="/Game/ThirdPersonBP/Maps/GoTStreet" FILE="../../../../../GoTStreet/Saved/Autosaves/Game/ThirdPersonBP/Maps/GoTStreet_Auto1.umap" SILENT=true AUTOSAVING=true KEEPDIRTY=false
[2017.10.06-20.08.25:075][956]LogSavePackage: Save=238.30ms
[2017.10.06-20.08.25:075][956]LogSavePackage: Moving '../../../../../GoTStreet/Saved/GoTStreet_Auto116D860344977E5E9880DBFB2EC9DDFDF.tmp' to '../../../../../GoTStreet/Saved/Autosaves/Game/ThirdPersonBP/Maps/GoTStreet_Auto1.umap'
[2017.10.06-20.08.25:084][956]LogSavePackage: Display: Finished SavePackage ../../../../../GoTStreet/Saved/Autosaves/Game/ThirdPersonBP/Maps/GoTStreet_Auto1.umap
[2017.10.06-20.08.25:104][956]LogFileHelpers: Editor autosave (incl. sublevels) for '/Game/ThirdPersonBP/Maps/GoTStreet' took 0.389
[2017.10.06-20.08.25:104][956]LogFileHelpers: Editor autosave (incl. sublevels) for all levels took 0.389
[2017.10.06-20.09.34:357][846]BlueprintLog: New page: Compile Hodoor
[2017.10.06-20.09.35:616][892]LogTemp: Repeating last play command: Selected Viewport
[2017.10.06-20.09.35:630][892]LogPlayLevel: PlayLevel: No blueprints needed recompiling
[2017.10.06-20.09.35:630][892]PIE: New page: PIE session: GoTStreet (Oct 7, 2017, 12:09:35 AM)
[2017.10.06-20.09.35:630][892]LogPlayLevel: Creating play world package: /Game/ThirdPersonBP/Maps/UEDPIE_0_GoTStreet
[2017.10.06-20.09.35:636][892]LogPlayLevel: PIE: StaticDuplicateObject took: (0.005872s)
[2017.10.06-20.09.35:637][892]LogAIModule: Creating AISystem for world GoTStreet
[2017.10.06-20.09.35:637][892]LogPlayLevel: PIE: World Init took: (0.000831s)
[2017.10.06-20.09.35:637][892]LogPlayLevel: PIE: Created PIE world by copying editor world from /Game/ThirdPersonBP/Maps/GoTStreet.GoTStreet to /Game/ThirdPersonBP/Maps/UEDPIE_0_GoTStreet.GoTStreet (0.006955s)
[2017.10.06-20.09.35:662][892]LogInit: XAudio2 using 'Speakers (Realtek High Definition Audio)' : 6 channels at 48 kHz using 32 bits per sample (channel mask 0x3f)
[2017.10.06-20.09.35:671][892]LogInit: FAudioDevice initialized.
[2017.10.06-20.09.35:706][892]LogLoad: Game class is 'ThirdPersonGameMode_C'
[2017.10.06-20.09.35:712][892]LogWorld: Bringing World /Game/ThirdPersonBP/Maps/UEDPIE_0_GoTStreet.GoTStreet up for play (max tick rate 0) at 2017.10.06-22.09.35
[2017.10.06-20.09.35:713][892]LogWorld: Bringing up level for play took: 0.005150
[2017.10.06-20.09.35:732][892]LogScript: Warning: Infinite script recursion (250 calls) detected - see log for stack trace
	Hodoor_C /Game/ThirdPersonBP/Maps/UEDPIE_0_GoTStreet.GoTStreet:PersistentLevel.Hodoor_C_123
	Function /Game/ThirdPersonBP/Blueprints/Hodoor.Hodoor_C:ExecuteUbergraph_Hodoor:0000
[2017.10.06-20.09.35:732][892]PIE: Error: Infinite Loop detected in  Hodoor , asserted during  Delay with the following  Call Stack
[2017.10.06-20.09.35:732][892]PIE: Play in editor start time for /Game/ThirdPersonBP/Maps/UEDPIE_0_GoTStreet 0.522
[2017.10.06-20.09.38:620][ 56]LogTemp: Repeating last play command: Selected Viewport
[2017.10.06-20.09.38:630][ 56]LogPlayLevel: PlayLevel: No blueprints needed recompiling
[2017.10.06-20.09.38:630][ 56]PIE: New page: PIE session: GoTStreet (Oct 7, 2017, 12:09:38 AM)
[2017.10.06-20.09.38:630][ 56]LogPlayLevel: Creating play world package: /Game/ThirdPersonBP/Maps/UEDPIE_0_GoTStreet
[2017.10.06-20.09.38:636][ 56]LogPlayLevel: PIE: StaticDuplicateObject took: (0.005781s)
[2017.10.06-20.09.38:637][ 56]LogAIModule: Creating AISystem for world GoTStreet
[2017.10.06-20.09.38:637][ 56]LogPlayLevel: PIE: World Init took: (0.000805s)
[2017.10.06-20.09.38:637][ 56]LogPlayLevel: PIE: Created PIE world by copying editor world from /Game/ThirdPersonBP/Maps/GoTStreet.GoTStreet to /Game/ThirdPersonBP/Maps/UEDPIE_0_GoTStreet.GoTStreet (0.006911s)
[2017.10.06-20.09.38:669][ 56]LogInit: XAudio2 using 'Speakers (Realtek High Definition Audio)' : 6 channels at 48 kHz using 32 bits per sample (channel mask 0x3f)
[2017.10.06-20.09.38:679][ 56]LogInit: FAudioDevice initialized.
[2017.10.06-20.09.38:716][ 56]LogLoad: Game class is 'ThirdPersonGameMode_C'
[2017.10.06-20.09.38:720][ 56]LogWorld: Bringing World /Game/ThirdPersonBP/Maps/UEDPIE_0_GoTStreet.GoTStreet up for play (max tick rate 0) at 2017.10.06-22.09.38
[2017.10.06-20.09.38:721][ 56]LogWorld: Bringing up level for play took: 0.004741
[2017.10.06-20.09.38:741][ 56]LogScript: Warning: Infinite script recursion (250 calls) detected - see log for stack trace
	Hodoor_C /Game/ThirdPersonBP/Maps/UEDPIE_0_GoTStreet.GoTStreet:PersistentLevel.Hodoor_C_123
	Function /Game/ThirdPersonBP/Blueprints/Hodoor.Hodoor_C:ExecuteUbergraph_Hodoor:0000
[2017.10.06-20.09.38:741][ 56]PIE: Error: Infinite Loop detected in  Hodoor , asserted during  Delay with the following  Call Stack
[2017.10.06-20.09.38:741][ 56]PIE: Play in editor start time for /Game/ThirdPersonBP/Maps/UEDPIE_0_GoTStreet -0.47
[2017.10.06-20.10.12:587][ 16]LogEditorViewport: Clicking on Actor (LMB): StaticMeshActor (Plane2)
[2017.10.06-20.10.13:099][ 40]LogEditorViewport: Clicking on Actor (LMB): Hodoor_C (Hodoor)
[2017.10.06-20.10.16:219][239]Cmd: OBJ SAVEPACKAGE PACKAGE="/Game/ThirdPersonBP/Maps/GoTStreet" FILE="../../../../../GoTStreet/Content/ThirdPersonBP/Maps/GoTStreet.umap" SILENT=true AUTOSAVING=false KEEPDIRTY=false
[2017.10.06-20.10.16:466][239]LogSavePackage: Save=221.72ms
[2017.10.06-20.10.16:466][239]LogSavePackage: Moving '../../../../../GoTStreet/Saved/GoTStreetF12C4C9440128AC7609F0E8B97518F6C.tmp' to '../../../../../GoTStreet/Content/ThirdPersonBP/Maps/GoTStreet.umap'
[2017.10.06-20.10.16:469][239]LogSavePackage: Display: Finished SavePackage ../../../../../GoTStreet/Content/ThirdPersonBP/Maps/GoTStreet.umap
[2017.10.06-20.10.16:928][267]LogTemp: Repeating last play command: Selected Viewport
[2017.10.06-20.10.16:938][267]LogPlayLevel: PlayLevel: No blueprints needed recompiling
[2017.10.06-20.10.16:938][267]PIE: New page: PIE session: GoTStreet (Oct 7, 2017, 12:10:16 AM)
[2017.10.06-20.10.16:938][267]LogPlayLevel: Creating play world package: /Game/ThirdPersonBP/Maps/UEDPIE_0_GoTStreet
[2017.10.06-20.10.16:944][267]LogPlayLevel: PIE: StaticDuplicateObject took: (0.005775s)
[2017.10.06-20.10.16:945][267]LogAIModule: Creating AISystem for world GoTStreet
[2017.10.06-20.10.16:945][267]LogPlayLevel: PIE: World Init took: (0.000691s)
[2017.10.06-20.10.16:945][267]LogPlayLevel: PIE: Created PIE world by copying editor world from /Game/ThirdPersonBP/Maps/GoTStreet.GoTStreet to /Game/ThirdPersonBP/Maps/UEDPIE_0_GoTStreet.GoTStreet (0.006804s)
[2017.10.06-20.10.16:973][267]LogInit: XAudio2 using 'Speakers (Realtek High Definition Audio)' : 6 channels at 48 kHz using 32 bits per sample (channel mask 0x3f)
[2017.10.06-20.10.16:985][267]LogInit: FAudioDevice initialized.
[2017.10.06-20.10.17:021][267]LogLoad: Game class is 'ThirdPersonGameMode_C'
[2017.10.06-20.10.17:027][267]LogWorld: Bringing World /Game/ThirdPersonBP/Maps/UEDPIE_0_GoTStreet.GoTStreet up for play (max tick rate 0) at 2017.10.06-22.10.17
[2017.10.06-20.10.17:027][267]LogWorld: Bringing up level for play took: 0.005358
[2017.10.06-20.10.17:045][267]LogScript: Warning: Infinite script recursion (250 calls) detected - see log for stack trace
	Hodoor_C /Game/ThirdPersonBP/Maps/UEDPIE_0_GoTStreet.GoTStreet:PersistentLevel.Hodoor_C_123
	Function /Game/ThirdPersonBP/Blueprints/Hodoor.Hodoor_C:ExecuteUbergraph_Hodoor:0000
[2017.10.06-20.10.17:046][267]PIE: Error: Infinite Loop detected in  Hodoor , asserted during  Delay with the following  Call Stack
[2017.10.06-20.10.17:046][267]PIE: Play in editor start time for /Game/ThirdPersonBP/Maps/UEDPIE_0_GoTStreet -0.165
[2017.10.06-20.10.35:376][322]Cmd: OBJ SAVEPACKAGE PACKAGE="/Game/ThirdPersonBP/Blueprints/Hodoor" FILE="../../../../../GoTStreet/Content/ThirdPersonBP/Blueprints/Hodoor.uasset" SILENT=true
[2017.10.06-20.10.35:414][322]LogSavePackage: Save=34.19ms
[2017.10.06-20.10.35:414][322]LogSavePackage: Moving '../../../../../GoTStreet/Saved/Hodoor27BCAE6441B0A13D5734BDA3F4D60F50.tmp' to '../../../../../GoTStreet/Content/ThirdPersonBP/Blueprints/Hodoor.uasset'
[2017.10.06-20.10.35:417][322]LogSavePackage: Display: Finished SavePackage ../../../../../GoTStreet/Content/ThirdPersonBP/Blueprints/Hodoor.uasset
[2017.10.06-20.10.38:452][482]LogEditorViewport: Clicking Background
[2017.10.06-20.10.39:124][533]LogTemp: Repeating last play command: Selected Viewport
[2017.10.06-20.10.39:135][533]BlueprintLog: New page: Pre-Play auto-recompile
[2017.10.06-20.10.39:139][533]LogPlayLevel: [PlayLevel] Compiling Hodoor before play...
[2017.10.06-20.10.39:475][533]LogPlayLevel: PlayLevel: Blueprint regeneration took 340 ms (1 blueprints)
[2017.10.06-20.10.39:475][533]PIE: New page: PIE session: GoTStreet (Oct 7, 2017, 12:10:39 AM)
[2017.10.06-20.10.39:475][533]LogPlayLevel: Creating play world package: /Game/ThirdPersonBP/Maps/UEDPIE_0_GoTStreet
[2017.10.06-20.10.39:481][533]LogPlayLevel: PIE: StaticDuplicateObject took: (0.005754s)
[2017.10.06-20.10.39:481][533]LogAIModule: Creating AISystem for world GoTStreet
[2017.10.06-20.10.39:482][533]LogPlayLevel: PIE: World Init took: (0.000891s)
[2017.10.06-20.10.39:482][533]LogPlayLevel: PIE: Created PIE world by copying editor world from /Game/ThirdPersonBP/Maps/GoTStreet.GoTStreet to /Game/ThirdPersonBP/Maps/UEDPIE_0_GoTStreet.GoTStreet (0.006993s)
[2017.10.06-20.10.39:508][533]LogInit: XAudio2 using 'Speakers (Realtek High Definition Audio)' : 6 channels at 48 kHz using 32 bits per sample (channel mask 0x3f)
[2017.10.06-20.10.39:518][533]LogInit: FAudioDevice initialized.
[2017.10.06-20.10.39:551][533]LogLoad: Game class is 'ThirdPersonGameMode_C'
[2017.10.06-20.10.39:557][533]LogWorld: Bringing World /Game/ThirdPersonBP/Maps/UEDPIE_0_GoTStreet.GoTStreet up for play (max tick rate 0) at 2017.10.06-22.10.39
[2017.10.06-20.10.39:558][533]LogWorld: Bringing up level for play took: 0.005646
[2017.10.06-20.10.39:577][533]LogScript: Warning: Infinite script recursion (250 calls) detected - see log for stack trace
	Hodoor_C /Game/ThirdPersonBP/Maps/UEDPIE_0_GoTStreet.GoTStreet:PersistentLevel.Hodoor_C_123
	Function /Game/ThirdPersonBP/Blueprints/Hodoor.Hodoor_C:ExecuteUbergraph_Hodoor:0000
[2017.10.06-20.10.39:577][533]PIE: Error: Infinite Loop detected in  Hodoor , asserted during  On Component Hit (Hodoor) with the following  Call Stack
[2017.10.06-20.10.39:577][533]PIE: Play in editor start time for /Game/ThirdPersonBP/Maps/UEDPIE_0_GoTStreet 0.367
[2017.10.06-20.10.41:452][665]LogTemp: Repeating last play command: Selected Viewport
[2017.10.06-20.10.41:462][665]LogPlayLevel: PlayLevel: No blueprints needed recompiling
[2017.10.06-20.10.41:462][665]PIE: New page: PIE session: GoTStreet (Oct 7, 2017, 12:10:41 AM)
[2017.10.06-20.10.41:462][665]LogPlayLevel: Creating play world package: /Game/ThirdPersonBP/Maps/UEDPIE_0_GoTStreet
[2017.10.06-20.10.41:468][665]LogPlayLevel: PIE: StaticDuplicateObject took: (0.005293s)
[2017.10.06-20.10.41:468][665]LogAIModule: Creating AISystem for world GoTStreet
[2017.10.06-20.10.41:469][665]LogPlayLevel: PIE: World Init took: (0.000803s)
[2017.10.06-20.10.41:469][665]LogPlayLevel: PIE: Created PIE world by copying editor world from /Game/ThirdPersonBP/Maps/GoTStreet.GoTStreet to /Game/ThirdPersonBP/Maps/UEDPIE_0_GoTStreet.GoTStreet (0.006393s)
[2017.10.06-20.10.41:502][665]LogInit: XAudio2 using 'Speakers (Realtek High Definition Audio)' : 6 channels at 48 kHz using 32 bits per sample (channel mask 0x3f)
[2017.10.06-20.10.41:511][665]LogInit: FAudioDevice initialized.
[2017.10.06-20.10.41:549][665]LogLoad: Game class is 'ThirdPersonGameMode_C'
[2017.10.06-20.10.41:555][665]LogWorld: Bringing World /Game/ThirdPersonBP/Maps/UEDPIE_0_GoTStreet.GoTStreet up for play (max tick rate 0) at 2017.10.06-22.10.41
[2017.10.06-20.10.41:556][665]LogWorld: Bringing up level for play took: 0.005778
[2017.10.06-20.10.41:575][665]LogScript: Warning: Infinite script recursion (250 calls) detected - see log for stack trace
	Hodoor_C /Game/ThirdPersonBP/Maps/UEDPIE_0_GoTStreet.GoTStreet:PersistentLevel.Hodoor_C_123
	Function /Game/ThirdPersonBP/Blueprints/Hodoor.Hodoor_C:ExecuteUbergraph_Hodoor:0000
[2017.10.06-20.10.41:575][665]PIE: Error: Infinite Loop detected in  Hodoor , asserted during  On Component Hit (Hodoor) with the following  Call Stack
[2017.10.06-20.10.41:576][665]PIE: Play in editor start time for /Game/ThirdPersonBP/Maps/UEDPIE_0_GoTStreet 0.365
[2017.10.06-20.11.18:753][164]Cmd: OBJ SAVEPACKAGE PACKAGE="/Game/ThirdPersonBP/Blueprints/Hodoor" FILE="../../../../../GoTStreet/Content/ThirdPersonBP/Blueprints/Hodoor.uasset" SILENT=true
[2017.10.06-20.11.18:789][164]LogSavePackage: Save=33.40ms
[2017.10.06-20.11.18:789][164]LogSavePackage: Moving '../../../../../GoTStreet/Saved/Hodoor1285D7994F649DADFB9777B735407C90.tmp' to '../../../../../GoTStreet/Content/ThirdPersonBP/Blueprints/Hodoor.uasset'
[2017.10.06-20.11.18:792][164]LogSavePackage: Display: Finished SavePackage ../../../../../GoTStreet/Content/ThirdPersonBP/Blueprints/Hodoor.uasset
[2017.10.06-20.11.20:125][263]BlueprintLog: New page: Compile Hodoor
[2017.10.06-20.11.21:953][313]LogEditorViewport: Clicking on Actor (LMB): StaticMeshActor (Plane2)
[2017.10.06-20.11.22:555][351]LogTemp: Repeating last play command: Selected Viewport
[2017.10.06-20.11.22:566][351]LogPlayLevel: PlayLevel: No blueprints needed recompiling
[2017.10.06-20.11.22:567][351]PIE: New page: PIE session: GoTStreet (Oct 7, 2017, 12:11:22 AM)
[2017.10.06-20.11.22:567][351]LogPlayLevel: Creating play world package: /Game/ThirdPersonBP/Maps/UEDPIE_0_GoTStreet
[2017.10.06-20.11.22:573][351]LogPlayLevel: PIE: StaticDuplicateObject took: (0.006257s)
[2017.10.06-20.11.22:574][351]LogAIModule: Creating AISystem for world GoTStreet
[2017.10.06-20.11.22:574][351]LogPlayLevel: PIE: World Init took: (0.000834s)
[2017.10.06-20.11.22:574][351]LogPlayLevel: PIE: Created PIE world by copying editor world from /Game/ThirdPersonBP/Maps/GoTStreet.GoTStreet to /Game/ThirdPersonBP/Maps/UEDPIE_0_GoTStreet.GoTStreet (0.007368s)
[2017.10.06-20.11.22:601][351]LogInit: XAudio2 using 'Speakers (Realtek High Definition Audio)' : 6 channels at 48 kHz using 32 bits per sample (channel mask 0x3f)
[2017.10.06-20.11.22:610][351]LogInit: FAudioDevice initialized.
[2017.10.06-20.11.22:646][351]LogLoad: Game class is 'ThirdPersonGameMode_C'
[2017.10.06-20.11.22:651][351]LogWorld: Bringing World /Game/ThirdPersonBP/Maps/UEDPIE_0_GoTStreet.GoTStreet up for play (max tick rate 0) at 2017.10.06-22.11.22
[2017.10.06-20.11.22:651][351]LogWorld: Bringing up level for play took: 0.005174
[2017.10.06-20.11.22:670][351]LogScript: Warning: Infinite script recursion (250 calls) detected - see log for stack trace
	Hodoor_C /Game/ThirdPersonBP/Maps/UEDPIE_0_GoTStreet.GoTStreet:PersistentLevel.Hodoor_C_123
	Function /Game/ThirdPersonBP/Blueprints/Hodoor.Hodoor_C:ExecuteUbergraph_Hodoor:0000
[2017.10.06-20.11.22:670][351]PIE: Error: Infinite Loop detected in  Hodoor , asserted during  On Component Hit (Hodoor) with the following  Call Stack
[2017.10.06-20.11.22:671][351]PIE: Play in editor start time for /Game/ThirdPersonBP/Maps/UEDPIE_0_GoTStreet -0.54
[2017.10.06-20.17.07:902][839]LogEditorViewport: Clicking on Actor (LMB): Hodoor_C (Hodoor)
[2017.10.06-20.17.08:762][901]Cmd: DELETE
[2017.10.06-20.17.08:762][901]Cmd: ACTOR DELETE
[2017.10.06-20.17.08:763][901]LogEditorActor: Deleted Actor: Hodoor_C
[2017.10.06-20.17.08:784][901]LogEditorActor: Deleted 1 Actors (0.021 secs)
[2017.10.06-20.17.09:223][941]LogEditorViewport: Clicking on Actor (LMB): House_C (House8)
[2017.10.06-20.17.09:832][982]LogTemp: Repeating last play command: Selected Viewport
[2017.10.06-20.17.09:846][982]BlueprintLog: New page: Pre-Play auto-recompile
[2017.10.06-20.17.09:852][982]LogPlayLevel: [PlayLevel] Compiling Hodoor before play...
[2017.10.06-20.17.10:108][982]LogPlayLevel: PlayLevel: Blueprint regeneration took 262 ms (1 blueprints)
[2017.10.06-20.17.10:108][982]PIE: New page: PIE session: GoTStreet (Oct 7, 2017, 12:17:10 AM)
[2017.10.06-20.17.10:108][982]LogPlayLevel: Creating play world package: /Game/ThirdPersonBP/Maps/UEDPIE_0_GoTStreet
[2017.10.06-20.17.10:114][982]LogPlayLevel: PIE: StaticDuplicateObject took: (0.005842s)
[2017.10.06-20.17.10:115][982]LogAIModule: Creating AISystem for world GoTStreet
[2017.10.06-20.17.10:115][982]LogPlayLevel: PIE: World Init took: (0.000806s)
[2017.10.06-20.17.10:115][982]LogPlayLevel: PIE: Created PIE world by copying editor world from /Game/ThirdPersonBP/Maps/GoTStreet.GoTStreet to /Game/ThirdPersonBP/Maps/UEDPIE_0_GoTStreet.GoTStreet (0.006906s)
[2017.10.06-20.17.10:140][982]LogInit: XAudio2 using 'Speakers (Realtek High Definition Audio)' : 6 channels at 48 kHz using 32 bits per sample (channel mask 0x3f)
[2017.10.06-20.17.10:152][982]LogInit: FAudioDevice initialized.
[2017.10.06-20.17.10:185][982]LogLoad: Game class is 'ThirdPersonGameMode_C'
[2017.10.06-20.17.10:190][982]LogWorld: Bringing World /Game/ThirdPersonBP/Maps/UEDPIE_0_GoTStreet.GoTStreet up for play (max tick rate 0) at 2017.10.06-22.17.10
[2017.10.06-20.17.10:191][982]LogWorld: Bringing up level for play took: 0.004930
[2017.10.06-20.17.10:193][982]PIE: Play in editor start time for /Game/ThirdPersonBP/Maps/UEDPIE_0_GoTStreet 0.983
[2017.10.06-20.17.22:129][770]LogEditorViewport: Clicking on Actor (LMB): StaticMeshActor (Street)
[2017.10.06-20.17.23:380][854]Cmd: SELECT NONE
[2017.10.06-20.18.34:829][236]Cmd: OBJ SAVEPACKAGE PACKAGE="/Game/ThirdPersonBP/Blueprints/Hodoor" FILE="../../../../../GoTStreet/Content/ThirdPersonBP/Blueprints/Hodoor.uasset" SILENT=true
[2017.10.06-20.18.34:874][236]LogSavePackage: Save=40.88ms
[2017.10.06-20.18.34:874][236]LogSavePackage: Moving '../../../../../GoTStreet/Saved/Hodoor62303C9A441E406C3556A5AF293DD0D3.tmp' to '../../../../../GoTStreet/Content/ThirdPersonBP/Blueprints/Hodoor.uasset'
[2017.10.06-20.18.34:876][236]LogSavePackage: Display: Finished SavePackage ../../../../../GoTStreet/Content/ThirdPersonBP/Blueprints/Hodoor.uasset
[2017.10.06-20.18.36:627][385]Cmd: OBJ SAVEPACKAGE PACKAGE="/Game/ThirdPersonBP/Maps/GoTStreet" FILE="../../../../../GoTStreet/Content/ThirdPersonBP/Maps/GoTStreet.umap" SILENT=true AUTOSAVING=false KEEPDIRTY=false
[2017.10.06-20.18.36:864][385]LogSavePackage: Save=213.24ms
[2017.10.06-20.18.36:864][385]LogSavePackage: Moving '../../../../../GoTStreet/Saved/GoTStreetA7BBB83245DA8C4BAD2715985C9D3369.tmp' to '../../../../../GoTStreet/Content/ThirdPersonBP/Maps/GoTStreet.umap'
[2017.10.06-20.18.36:866][385]LogSavePackage: Display: Finished SavePackage ../../../../../GoTStreet/Content/ThirdPersonBP/Maps/GoTStreet.umap
[2017.10.06-20.18.37:964][492]LogWindowsTextInputMethodSystem: Display: IME system now deactivated.
[2017.10.06-20.18.38:302][493]Cmd: QUIT_EDITOR
[2017.10.06-20.18.38:816][493]LogExit: Preparing to exit.
[2017.10.06-20.18.40:015][493]LogDirectoryWatcher: A directory notification for 'D:/Programmering/GoTStreet/Content/' was aborted.
[2017.10.06-20.18.40:072][493]LogExit: Editor shut down
[2017.10.06-20.18.40:076][493]LogExit: Transaction tracking system shut down
[2017.10.06-20.18.40:298][493]LogDirectoryWatcher: A directory notification for '../../../Engine/Content/' was aborted.
[2017.10.06-20.18.40:298][493]LogDirectoryWatcher: A directory notification for '../../../../../GoTStreet/Content/' was aborted.
[2017.10.06-20.18.40:298][493]LogDirectoryWatcher: A directory notification for '../../../Engine/Plugins/2D/Paper2D/Content/' was aborted.
[2017.10.06-20.18.40:298][493]LogDirectoryWatcher: A directory notification for '../../../Engine/Plugins/Runtime/Oculus/OculusVR/Content/' was aborted.
[2017.10.06-20.18.40:298][493]LogDirectoryWatcher: A directory notification for '../../../Engine/Plugins/Runtime/Steam/SteamVR/Content/' was aborted.
[2017.10.06-20.18.40:401][493]LogExit: Object subsystem successfully closed.
[2017.10.06-20.18.40:547][493]LogD3D11RHI: Shutdown
[2017.10.06-20.18.40:547][493]LogD3D11RHI: CleanupD3DDevice
[2017.10.06-20.18.40:864][493]LogD3D11RHI: ~FD3D11DynamicRHI
[2017.10.06-20.18.40:885][493]LogModuleManager: Shutting down and abandoning module MovieSceneCapture (536)
[2017.10.06-20.18.40:900][493]LogModuleManager: Shutting down and abandoning module BlueprintGraph (534)
[2017.10.06-20.18.40:900][493]LogModuleManager: Shutting down and abandoning module BlueprintProfiler (532)
[2017.10.06-20.18.40:916][493]LogModuleManager: Shutting down and abandoning module HierarchicalLODOutliner (530)
[2017.10.06-20.18.40:916][493]LogModuleManager: Shutting down and abandoning module SceneOutliner (528)
[2017.10.06-20.18.40:916][493]LogModuleManager: Shutting down and abandoning module AddContentDialog (526)
[2017.10.06-20.18.40:922][493]LogDirectoryWatcher: A directory notification for 'D:/Programmering/UnrealEngine/UE_4.17/FeaturePacks/' was aborted.
[2017.10.06-20.18.40:923][493]LogModuleManager: Shutting down and abandoning module WidgetCarousel (525)
[2017.10.06-20.18.40:923][493]LogModuleManager: Shutting down and abandoning module EditorWidgets (522)
[2017.10.06-20.18.40:923][493]LogModuleManager: Shutting down and abandoning module CollectionManager (520)
[2017.10.06-20.18.40:923][493]LogDirectoryWatcher: A directory notification for 'D:/Programmering/GoTStreet/Content/Collections/' was aborted.
[2017.10.06-20.18.40:923][493]LogDirectoryWatcher: A directory notification for 'D:/Programmering/GoTStreet/Content/Developers/Stoffe/Collections/' was aborted.
[2017.10.06-20.18.40:923][493]LogDirectoryWatcher: A directory notification for 'D:/Programmering/GoTStreet/Saved/Collections/' was aborted.
[2017.10.06-20.18.40:923][493]LogModuleManager: Shutting down and abandoning module StatsViewer (518)
[2017.10.06-20.18.40:924][493]LogModuleManager: Shutting down and abandoning module FoliageEdit (516)
[2017.10.06-20.18.40:924][493]LogModuleManager: Shutting down and abandoning module LandscapeEditor (514)
[2017.10.06-20.18.40:924][493]LogModuleManager: Shutting down and abandoning module MeshPaintMode (512)
[2017.10.06-20.18.40:924][493]LogModuleManager: Shutting down and abandoning module SceneDepthPickerMode (510)
[2017.10.06-20.18.40:924][493]LogModuleManager: Shutting down and abandoning module ActorPickerMode (508)
[2017.10.06-20.18.40:924][493]LogModuleManager: Shutting down and abandoning module GeometryMode (506)
[2017.10.06-20.18.40:924][493]LogModuleManager: Shutting down and abandoning module TextureAlignMode (504)
[2017.10.06-20.18.40:924][493]LogModuleManager: Shutting down and abandoning module BspMode (502)
[2017.10.06-20.18.40:924][493]LogModuleManager: Shutting down and abandoning module PIEPreviewDeviceProfileSelector (500)
[2017.10.06-20.18.40:924][493]LogModuleManager: Shutting down and abandoning module HardwareSurvey (498)
[2017.10.06-20.18.40:924][493]LogModuleManager: Shutting down and abandoning module SequenceRecorderSections (496)
[2017.10.06-20.18.40:924][493]LogModuleManager: Shutting down and abandoning module AutomationWorker (494)
[2017.10.06-20.18.40:924][493]LogModuleManager: Shutting down and abandoning module MatineeToLevelSequence (492)
[2017.10.06-20.18.40:924][493]LogModuleManager: Shutting down and abandoning module LevelSequenceEditor (490)
[2017.10.06-20.18.40:924][493]LogModuleManager: Shutting down and abandoning module PlacementMode (489)
[2017.10.06-20.18.40:924][493]LogModuleManager: Shutting down and abandoning module WmfMediaFactory (486)
[2017.10.06-20.18.40:924][493]LogModuleManager: Shutting down and abandoning module WmfMediaEditor (484)
[2017.10.06-20.18.40:924][493]LogModuleManager: Shutting down and abandoning module AvfMediaFactory (482)
[2017.10.06-20.18.40:924][493]LogModuleManager: Shutting down and abandoning module AvfMediaEditor (480)
[2017.10.06-20.18.40:924][493]LogModuleManager: Shutting down and abandoning module AndroidMediaFactory (478)
[2017.10.06-20.18.40:924][493]LogModuleManager: Shutting down and abandoning module Media (477)
[2017.10.06-20.18.40:924][493]LogModuleManager: Shutting down and abandoning module AndroidMediaEditor (474)
[2017.10.06-20.18.40:924][493]LogModuleManager: Shutting down and abandoning module CharacterAI (472)
[2017.10.06-20.18.40:924][493]LogModuleManager: Shutting down and abandoning module AudioCapture (470)
[2017.10.06-20.18.40:924][493]LogModuleManager: Shutting down and abandoning module SequenceRecorder (469)
[2017.10.06-20.18.40:924][493]LogModuleManager: Shutting down and abandoning module SmartSnapping (466)
[2017.10.06-20.18.40:924][493]LogModuleManager: Shutting down and abandoning module SessionServices (464)
[2017.10.06-20.18.40:924][493]LogModuleManager: Shutting down and abandoning module ViewportSnapping (462)
[2017.10.06-20.18.40:924][493]LogModuleManager: Shutting down and abandoning module ViewportInteraction (460)
[2017.10.06-20.18.40:924][493]LogModuleManager: Shutting down and abandoning module ClothPainter (458)
[2017.10.06-20.18.40:924][493]LogModuleManager: Shutting down and abandoning module LogVisualizer (456)
[2017.10.06-20.18.40:924][493]LogModuleManager: Shutting down and abandoning module IntroTutorials (454)
[2017.10.06-20.18.40:924][493]LogModuleManager: Shutting down and abandoning module GameProjectGeneration (453)
[2017.10.06-20.18.40:924][493]LogModuleManager: Shutting down and abandoning module IOSPlatformEditor (450)
[2017.10.06-20.18.40:924][493]LogModuleManager: Shutting down and abandoning module HTML5PlatformEditor (448)
[2017.10.06-20.18.40:924][493]LogModuleManager: Shutting down and abandoning module AndroidPlatformEditor (446)
[2017.10.06-20.18.40:924][493]LogModuleManager: Shutting down and abandoning module AndroidDeviceDetection (445)
[2017.10.06-20.18.41:458][493]LogModuleManager: Shutting down and abandoning module WindowsPlatformEditor (442)
[2017.10.06-20.18.41:458][493]LogModuleManager: Shutting down and abandoning module IOSRuntimeSettings (440)
[2017.10.06-20.18.41:459][493]LogModuleManager: Shutting down and abandoning module AndroidRuntimeSettings (438)
[2017.10.06-20.18.41:459][493]LogModuleManager: Shutting down and abandoning module InputBindingEditor (436)
[2017.10.06-20.18.41:459][493]LogModuleManager: Shutting down and abandoning module MergeActors (434)
[2017.10.06-20.18.41:459][493]LogModuleManager: Shutting down and abandoning module SizeMap (432)
[2017.10.06-20.18.41:459][493]LogModuleManager: Shutting down and abandoning module TreeMap (430)
[2017.10.06-20.18.41:459][493]LogModuleManager: Shutting down and abandoning module ReferenceViewer (428)
[2017.10.06-20.18.41:459][493]LogModuleManager: Shutting down and abandoning module LocalizationDashboard (426)
[2017.10.06-20.18.41:459][493]LogModuleManager: Shutting down and abandoning module LocalizationService (425)
[2017.10.06-20.18.41:459][493]LogModuleManager: Shutting down and abandoning module HardwareTargeting (422)
[2017.10.06-20.18.41:459][493]LogModuleManager: Shutting down and abandoning module DeviceProfileEditor (420)
[2017.10.06-20.18.41:459][493]LogModuleManager: Shutting down and abandoning module UndoHistory (418)
[2017.10.06-20.18.41:459][493]LogModuleManager: Shutting down and abandoning module XmlParser (416)
[2017.10.06-20.18.41:459][493]LogModuleManager: Shutting down and abandoning module Blutility (414)
[2017.10.06-20.18.41:459][493]LogModuleManager: Shutting down and abandoning module ProjectSettingsViewer (412)
[2017.10.06-20.18.41:459][493]LogModuleManager: Shutting down and abandoning module ProjectTargetPlatformEditor (411)
[2017.10.06-20.18.41:460][493]LogModuleManager: Shutting down and abandoning module EditorSettingsViewer (408)
[2017.10.06-20.18.41:460][493]LogModuleManager: Shutting down and abandoning module SettingsEditor (406)
[2017.10.06-20.18.41:460][493]LogModuleManager: Shutting down and abandoning module ProjectLauncher (404)
[2017.10.06-20.18.41:460][493]LogModuleManager: Shutting down and abandoning module SessionFrontend (402)
[2017.10.06-20.18.41:460][493]LogModuleManager: Shutting down and abandoning module ProfilerClient (400)
[2017.10.06-20.18.41:460][493]LogModuleManager: Shutting down and abandoning module DeviceManager (398)
[2017.10.06-20.18.41:460][493]LogModuleManager: Shutting down and abandoning module TargetDeviceServices (397)
[2017.10.06-20.18.41:528][493]LogModuleManager: Shutting down and abandoning module AutomationController (394)
[2017.10.06-20.18.41:528][493]LogModuleManager: Shutting down and abandoning module AutomationWindow (392)
[2017.10.06-20.18.41:528][493]LogModuleManager: Shutting down and abandoning module Layers (390)
[2017.10.06-20.18.41:528][493]LogModuleManager: Shutting down and abandoning module ComponentVisualizers (388)
[2017.10.06-20.18.41:528][493]LogModuleManager: Shutting down and abandoning module DetailCustomizations (386)
[2017.10.06-20.18.41:528][493]LogModuleManager: Shutting down and abandoning module PackagesDialog (384)
[2017.10.06-20.18.41:528][493]LogModuleManager: Shutting down and abandoning module Persona (382)
[2017.10.06-20.18.41:528][493]LogModuleManager: Shutting down and abandoning module AdvancedPreviewScene (381)
[2017.10.06-20.18.41:529][493]LogModuleManager: Shutting down and abandoning module AnimGraph (379)
[2017.10.06-20.18.41:529][493]LogModuleManager: Shutting down and abandoning module Kismet (376)
[2017.10.06-20.18.41:544][493]LogModuleManager: Shutting down and abandoning module ClassViewer (374)
[2017.10.06-20.18.41:544][493]LogModuleManager: Shutting down and abandoning module Toolbox (372)
[2017.10.06-20.18.41:544][493]LogModuleManager: Shutting down and abandoning module ModuleUI (370)
[2017.10.06-20.18.41:544][493]LogModuleManager: Shutting down and abandoning module MovieSceneTools (368)
[2017.10.06-20.18.41:544][493]LogModuleManager: Shutting down and abandoning module OutputLog (366)
[2017.10.06-20.18.41:544][493]LogModuleManager: Shutting down and abandoning module GammaUI (364)
[2017.10.06-20.18.41:544][493]LogModuleManager: Shutting down and abandoning module Documentation (362)
[2017.10.06-20.18.41:544][493]LogModuleManager: Shutting down and abandoning module MovieSceneTracks (360)
[2017.10.06-20.18.41:544][493]LogModuleManager: Shutting down and abandoning module MovieScene (358)
[2017.10.06-20.18.41:544][493]LogModuleManager: Shutting down and abandoning module Niagara (356)
[2017.10.06-20.18.41:544][493]LogModuleManager: Shutting down and abandoning module NiagaraEditor (355)
[2017.10.06-20.18.41:544][493]LogModuleManager: Shutting down and abandoning module StreamingPauseRendering (352)
[2017.10.06-20.18.41:544][493]LogModuleManager: Shutting down and abandoning module LauncherPlatform (350)
[2017.10.06-20.18.41:544][493]LogModuleManager: Shutting down and abandoning module AnalyticsET (348)
[2017.10.06-20.18.41:544][493]LogModuleManager: Shutting down and abandoning module PortalServices (346)
[2017.10.06-20.18.41:545][493]LogModuleManager: Shutting down and abandoning module PortalRpc (344)
[2017.10.06-20.18.41:545][493]LogModuleManager: Shutting down and abandoning module MessagingRpc (342)
[2017.10.06-20.18.41:545][493]LogModuleManager: Shutting down and abandoning module AIModule (340)
[2017.10.06-20.18.41:545][493]LogModuleManager: Shutting down and abandoning module GameplayDebugger (339)
[2017.10.06-20.18.41:545][493]LogModuleManager: Shutting down and abandoning module AITestSuite (337)
[2017.10.06-20.18.41:545][493]LogModuleManager: Shutting down and abandoning module ProfilerService (334)
[2017.10.06-20.18.41:778][493]LogModuleManager: Shutting down and abandoning module TaskGraph (332)
[2017.10.06-20.18.41:778][493]LogModuleManager: Shutting down and abandoning module SteamVRController (330)
[2017.10.06-20.18.41:778][493]LogModuleManager: Shutting down and abandoning module ProceduralMeshComponentEditor (328)
[2017.10.06-20.18.41:778][493]LogModuleManager: Shutting down and abandoning module ProceduralMeshComponent (326)
[2017.10.06-20.18.41:778][493]LogModuleManager: Shutting down and abandoning module OculusInput (324)
[2017.10.06-20.18.41:778][493]LogModuleManager: Shutting down and abandoning module MobilePatchingUtils (322)
[2017.10.06-20.18.41:778][493]LogModuleManager: Shutting down and abandoning module CustomMeshComponent (320)
[2017.10.06-20.18.41:778][493]LogModuleManager: Shutting down and abandoning module CableComponent (318)
[2017.10.06-20.18.41:778][493]LogModuleManager: Shutting down and abandoning module ArchVisCharacter (316)
[2017.10.06-20.18.41:778][493]LogModuleManager: Shutting down and abandoning module AndroidPermission (314)
[2017.10.06-20.18.41:778][493]LogModuleManager: Shutting down and abandoning module MediaPlayerEditor (310)
[2017.10.06-20.18.41:778][493]LogModuleManager: Shutting down and abandoning module HTML5Networking (308)
[2017.10.06-20.18.41:778][493]LogModuleManager: Shutting down and abandoning module AlembicImporter (306)
[2017.10.06-20.18.41:778][493]LogModuleManager: Shutting down and abandoning module AlembicLibrary (305)
[2017.10.06-20.18.41:778][493]LogModuleManager: Shutting down and abandoning module GeometryCache (304)
[2017.10.06-20.18.41:778][493]LogModuleManager: Shutting down and abandoning module GeometryCacheEd (303)
[2017.10.06-20.18.41:778][493]LogModuleManager: Shutting down and abandoning module SpeedTreeImporter (298)
[2017.10.06-20.18.41:778][493]LogModuleManager: Shutting down and abandoning module PluginBrowser (296)
[2017.10.06-20.18.41:778][493]LogModuleManager: Shutting down and abandoning module MobileLauncherProfileWizard (294)
[2017.10.06-20.18.41:778][493]LogModuleManager: Shutting down and abandoning module VisualStudioSourceCodeAccess (292)
[2017.10.06-20.18.41:778][493]LogModuleManager: Shutting down and abandoning module DesktopPlatform (291)
[2017.10.06-20.18.41:779][493]LogModuleManager: Shutting down and abandoning module UObjectPlugin (288)
[2017.10.06-20.18.41:779][493]LogModuleManager: Shutting down and abandoning module SubversionSourceControl (286)
[2017.10.06-20.18.41:779][493]LogModuleManager: Shutting down and abandoning module PerforceSourceControl (284)
[2017.10.06-20.18.41:779][493]LogModuleManager: Shutting down and abandoning module GitSourceControl (282)
[2017.10.06-20.18.41:779][493]LogModuleManager: Shutting down and abandoning module SourceControl (281)
[2017.10.06-20.18.41:779][493]LogModuleManager: Shutting down and abandoning module LightPropagationVolumeEditor (278)
[2017.10.06-20.18.41:779][493]LogModuleManager: Shutting down and abandoning module PaperTiledImporter (276)
[2017.10.06-20.18.41:779][493]LogModuleManager: Shutting down and abandoning module PaperSpriteSheetImporter (274)
[2017.10.06-20.18.41:779][493]LogModuleManager: Shutting down and abandoning module Paper2DEditor (272)
[2017.10.06-20.18.41:779][493]LogModuleManager: Shutting down and abandoning module MeshPaint (271)
[2017.10.06-20.18.41:779][493]LogModuleManager: Shutting down and abandoning module LevelEditor (269)
[2017.10.06-20.18.41:780][493]LogModuleManager: Shutting down and abandoning module PixelInspectorModule (268)
[2017.10.06-20.18.41:780][493]LogModuleManager: Shutting down and abandoning module MainFrame (266)
[2017.10.06-20.18.41:780][493]LogModuleManager: Shutting down and abandoning module HotReload (265)
[2017.10.06-20.18.41:780][493]LogModuleManager: Shutting down and abandoning module RuntimePhysXCooking (260)
[2017.10.06-20.18.41:780][493]LogModuleManager: Shutting down and abandoning module PhysXVehiclesEditor (258)
[2017.10.06-20.18.41:780][493]LogModuleManager: Shutting down and abandoning module PhysXVehicles (256)
[2017.10.06-20.18.41:780][493]LogModuleManager: Shutting down and abandoning module OculusEditor (254)
[2017.10.06-20.18.41:780][493]LogModuleManager: Shutting down and abandoning module LocationServicesBPLibrary (252)
[2017.10.06-20.18.41:780][493]LogModuleManager: Shutting down and abandoning module ImmediatePhysicsEditor (250)
[2017.10.06-20.18.41:780][493]LogModuleManager: Shutting down and abandoning module ImmediatePhysics (248)
[2017.10.06-20.18.41:780][493]LogModuleManager: Shutting down and abandoning module UdpMessaging (246)
[2017.10.06-20.18.41:881][493]LogModuleManager: Shutting down and abandoning module TcpMessaging (244)
[2017.10.06-20.18.41:981][493]LogModuleManager: Shutting down and abandoning module GameplayTagsEditor (242)
[2017.10.06-20.18.41:981][493]LogModuleManager: Shutting down and abandoning module FacialAnimationEditor (240)
[2017.10.06-20.18.41:981][493]LogModuleManager: Shutting down and abandoning module FacialAnimation (238)
[2017.10.06-20.18.41:981][493]LogModuleManager: Shutting down and abandoning module AssetManagerEditor (236)
[2017.10.06-20.18.41:981][493]LogModuleManager: Shutting down and abandoning module GraphEditor (235)
[2017.10.06-20.18.41:981][493]LogModuleManager: Shutting down and abandoning module ContentBrowser (233)
[2017.10.06-20.18.41:982][493]LogModuleManager: Shutting down and abandoning module LightPropagationVolumeRuntime (230)
[2017.10.06-20.18.41:982][493]LogModuleManager: Shutting down and abandoning module Paper2D (228)
[2017.10.06-20.18.41:982][493]LogModuleManager: Shutting down and abandoning module WindowsMoviePlayer (226)
[2017.10.06-20.18.41:982][493]LogModuleManager: Shutting down and abandoning module WmfMedia (224)
[2017.10.06-20.18.41:982][493]LogModuleManager: Shutting down and abandoning module PacketHandler (222)
[2017.10.06-20.18.41:982][493]LogModuleManager: Shutting down and abandoning module ClothingSystemEditor (220)
[2017.10.06-20.18.41:982][493]LogModuleManager: Shutting down and abandoning module ClothingSystemRuntime (218)
[2017.10.06-20.18.41:982][493]LogModuleManager: Shutting down and abandoning module Overlay (216)
[2017.10.06-20.18.41:983][493]LogModuleManager: Shutting down and abandoning module OverlayEditor (215)
[2017.10.06-20.18.41:983][493]LogModuleManager: Shutting down and abandoning module MediaAssets (212)
[2017.10.06-20.18.41:983][493]LogModuleManager: Shutting down and abandoning module VREditor (210)
[2017.10.06-20.18.41:983][493]LogModuleManager: Shutting down and abandoning module StringTableEditor (208)
[2017.10.06-20.18.41:983][493]LogModuleManager: Shutting down and abandoning module GameplayTasksEditor (206)
[2017.10.06-20.18.41:983][493]LogModuleManager: Shutting down and abandoning module BehaviorTreeEditor (204)
[2017.10.06-20.18.41:983][493]LogModuleManager: Shutting down and abandoning module FunctionalTesting (202)
[2017.10.06-20.18.41:983][493]LogModuleManager: Shutting down and abandoning module CollisionAnalyzer (200)
[2017.10.06-20.18.41:983][493]LogModuleManager: Shutting down and abandoning module WorkspaceMenuStructure (199)
[2017.10.06-20.18.41:983][493]LogModuleManager: Shutting down and abandoning module UMG (196)
[2017.10.06-20.18.41:983][493]LogModuleManager: Shutting down and abandoning module UMGEditor (195)
[2017.10.06-20.18.41:983][493]LogModuleManager: Shutting down and abandoning module Sequencer (194)
[2017.10.06-20.18.41:983][493]LogModuleManager: Shutting down and abandoning module MessageLog (191)
[2017.10.06-20.18.41:983][493]LogModuleManager: Shutting down and abandoning module SlateReflector (186)
[2017.10.06-20.18.41:983][493]LogModuleManager: Shutting down and abandoning module Slate (184)
[2017.10.06-20.18.41:983][493]LogModuleManager: Shutting down and abandoning module EditorStyle (182)
[2017.10.06-20.18.41:985][493]LogModuleManager: Shutting down and abandoning module MRMesh (180)
[2017.10.06-20.18.41:985][493]LogModuleManager: Shutting down and abandoning module SourceCodeAccess (178)
[2017.10.06-20.18.41:985][493]LogModuleManager: Shutting down and abandoning module HeadMountedDisplay (176)
[2017.10.06-20.18.41:985][493]LogModuleManager: Shutting down and abandoning module XAudio2 (174)
[2017.10.06-20.18.41:985][493]LogModuleManager: Shutting down and abandoning module Networking (172)
[2017.10.06-20.18.41:985][493]LogModuleManager: Shutting down and abandoning module Core (168)
[2017.10.06-20.18.41:985][493]LogModuleManager: Shutting down and abandoning module KismetCompiler (164)
[2017.10.06-20.18.41:985][493]LogModuleManager: Shutting down and abandoning module LevelSequence (162)
[2017.10.06-20.18.41:985][493]LogModuleManager: Shutting down and abandoning module MeshUtilities (160)
[2017.10.06-20.18.41:985][493]LogModuleManager: Shutting down and abandoning module MeshMergeUtilities (159)
[2017.10.06-20.18.41:985][493]LogModuleManager: Shutting down and abandoning module MeshReductionInterface (158)
[2017.10.06-20.18.41:985][493]LogModuleManager: Shutting down and abandoning module SimplygonSwarm (157)
[2017.10.06-20.18.41:985][493]LogModuleManager: Shutting down and abandoning module SimplygonMeshReduction (155)
[2017.10.06-20.18.41:985][493]LogModuleManager: Shutting down and abandoning module QuadricMeshReduction (153)
[2017.10.06-20.18.41:985][493]LogModuleManager: Shutting down and abandoning module MaterialBaking (149)
[2017.10.06-20.18.41:985][493]LogModuleManager: Shutting down and abandoning module DirectoryWatcher (146)
[2017.10.06-20.18.41:986][493]LogModuleManager: Shutting down and abandoning module DerivedDataCache (144)
[2017.10.06-20.18.42:062][493]LogDerivedDataCache: Shutdown
[2017.10.06-20.18.42:062][493]LogModuleManager: Shutting down and abandoning module TargetPlatform (142)
[2017.10.06-20.18.42:062][493]LogModuleManager: Shutting down and abandoning module VulkanShaderFormat (141)
[2017.10.06-20.18.42:062][493]LogModuleManager: Shutting down and abandoning module ShaderFormatVectorVM (139)
[2017.10.06-20.18.42:062][493]LogModuleManager: Shutting down and abandoning module ShaderFormatOpenGL (137)
[2017.10.06-20.18.42:062][493]LogModuleManager: Shutting down and abandoning module ShaderFormatD3D (135)
[2017.10.06-20.18.42:062][493]LogModuleManager: Shutting down and abandoning module MetalShaderFormat (133)
[2017.10.06-20.18.42:062][493]LogModuleManager: Shutting down and abandoning module TextureFormatUncompressed (131)
[2017.10.06-20.18.42:062][493]LogModuleManager: Shutting down and abandoning module TextureFormatPVR (129)
[2017.10.06-20.18.42:062][493]LogModuleManager: Shutting down and abandoning module TextureFormatDXT (127)
[2017.10.06-20.18.42:062][493]LogModuleManager: Shutting down and abandoning module TextureFormatIntelISPCTexComp (125)
[2017.10.06-20.18.42:063][493]LogModuleManager: Shutting down and abandoning module TextureFormatASTC (123)
[2017.10.06-20.18.42:063][493]LogModuleManager: Shutting down and abandoning module ImageWrapper (122)
[2017.10.06-20.18.42:063][493]LogModuleManager: Shutting down and abandoning module TextureFormatAndroid (119)
[2017.10.06-20.18.42:063][493]LogModuleManager: Shutting down and abandoning module AudioFormatOpus (117)
[2017.10.06-20.18.42:063][493]LogModuleManager: Shutting down and abandoning module AudioFormatOgg (115)
[2017.10.06-20.18.42:063][493]LogModuleManager: Shutting down and abandoning module AudioFormatADPCM (113)
[2017.10.06-20.18.42:063][493]LogModuleManager: Shutting down and abandoning module LinuxTargetPlatform (111)
[2017.10.06-20.18.42:063][493]LogModuleManager: Shutting down and abandoning module LinuxServerTargetPlatform (109)
[2017.10.06-20.18.42:063][493]LogModuleManager: Shutting down and abandoning module LinuxNoEditorTargetPlatform (107)
[2017.10.06-20.18.42:063][493]LogModuleManager: Shutting down and abandoning module LinuxClientTargetPlatform (105)
[2017.10.06-20.18.42:063][493]LogModuleManager: Shutting down and abandoning module TVOSTargetPlatform (103)
[2017.10.06-20.18.42:063][493]LogModuleManager: Shutting down and abandoning module Messaging (101)
[2017.10.06-20.18.42:063][493]LogModuleManager: Shutting down and abandoning module IOSTargetPlatform (99)
[2017.10.06-20.18.42:063][493]LogModuleManager: Shutting down and abandoning module HTML5TargetPlatform (97)
[2017.10.06-20.18.42:063][493]LogModuleManager: Shutting down and abandoning module Android_PVRTCTargetPlatform (95)
[2017.10.06-20.18.42:063][493]LogModuleManager: Shutting down and abandoning module Android_MultiTargetPlatform (93)
[2017.10.06-20.18.42:063][493]LogModuleManager: Shutting down and abandoning module Android_ETC2TargetPlatform (91)
[2017.10.06-20.18.42:063][493]LogModuleManager: Shutting down and abandoning module Android_ETC1TargetPlatform (89)
[2017.10.06-20.18.42:063][493]LogModuleManager: Shutting down and abandoning module Android_DXTTargetPlatform (87)
[2017.10.06-20.18.42:063][493]LogModuleManager: Shutting down and abandoning module Android_ATCTargetPlatform (85)
[2017.10.06-20.18.42:063][493]LogModuleManager: Shutting down and abandoning module Android_ASTCTargetPlatform (83)
[2017.10.06-20.18.42:063][493]LogModuleManager: Shutting down and abandoning module AndroidTargetPlatform (81)
[2017.10.06-20.18.42:063][493]LogModuleManager: Shutting down and abandoning module WindowsTargetPlatform (79)
[2017.10.06-20.18.42:063][493]LogModuleManager: Shutting down and abandoning module WindowsServerTargetPlatform (77)
[2017.10.06-20.18.42:063][493]LogModuleManager: Shutting down and abandoning module WindowsNoEditorTargetPlatform (75)
[2017.10.06-20.18.42:063][493]LogModuleManager: Shutting down and abandoning module WindowsClientTargetPlatform (73)
[2017.10.06-20.18.42:063][493]LogModuleManager: Shutting down and abandoning module MacTargetPlatform (71)
[2017.10.06-20.18.42:063][493]LogModuleManager: Shutting down and abandoning module MacServerTargetPlatform (69)
[2017.10.06-20.18.42:063][493]LogModuleManager: Shutting down and abandoning module MacNoEditorTargetPlatform (67)
[2017.10.06-20.18.42:063][493]LogModuleManager: Shutting down and abandoning module MacClientTargetPlatform (65)
[2017.10.06-20.18.42:063][493]LogModuleManager: Shutting down and abandoning module AllDesktopTargetPlatform (63)
[2017.10.06-20.18.42:063][493]LogModuleManager: Shutting down and abandoning module InputCore (60)
[2017.10.06-20.18.42:063][493]LogModuleManager: Shutting down and abandoning module Settings (58)
[2017.10.06-20.18.42:063][493]LogModuleManager: Shutting down and abandoning module PhysXCooking (56)
[2017.10.06-20.18.42:063][493]LogModuleManager: Shutting down and abandoning module SteamVR (54)
[2017.10.06-20.18.42:063][493]LogModuleManager: Shutting down and abandoning module OculusHMD (52)
[2017.10.06-20.18.42:063][493]LogModuleManager: Shutting down and abandoning module ExampleDeviceProfileSelector (50)
[2017.10.06-20.18.42:063][493]LogModuleManager: Shutting down and abandoning module OnlineBlueprintSupport (48)
[2017.10.06-20.18.42:063][493]LogModuleManager: Shutting down and abandoning module OnlineSubsystem (44)
[2017.10.06-20.18.42:063][493]LogOnline: Display: Unloading online subsystem: NULL
[2017.10.06-20.18.42:063][493]LogModuleManager: Shutting down and abandoning module XMPP (43)
[2017.10.06-20.18.42:063][493]LogModuleManager: Shutting down and abandoning module HTTP (41)
[2017.10.06-20.18.42:063][493]LogHttp: Display: Http module shutting down, but needs to wait on 1 outstanding Http requests:
[2017.10.06-20.18.42:063][493]LogHttp: Display: 	verb=[POST] url=[https://datarouter.ol.epicgames.com/datarouter/api/v1/public/data?SessionID=%7B7DCEFDA8-4DFB-8F3A-7916-A7A814B2871B%7D&AppID=UEEditor.Rocket.Release&AppVersion=4.17.1-3586342%2B%2B%2BUE4%2BRelease-4.17&UserID=dd02c98846016d5a91795cb0fc16696b%7Ccea631f5191943de9417f4af221f0845%7C91ed3f48-4df8-4936-ad44-a5390bccce2a&AppEnvironment=datacollector-binary&UploadType=eteventstream] status=Processing
[2017.10.06-20.18.42:083][493]LogModuleManager: Shutting down and abandoning module SSL (40)
[2017.10.06-20.18.42:086][493]LogModuleManager: Shutting down and abandoning module AnimationModifiers (36)
[2017.10.06-20.18.42:086][493]LogModuleManager: Shutting down and abandoning module PropertyEditor (35)
[2017.10.06-20.18.42:086][493]LogModuleManager: Shutting down and abandoning module AudioEditor (32)
[2017.10.06-20.18.42:086][493]LogModuleManager: Shutting down and abandoning module TextureCompressor (30)
[2017.10.06-20.18.42:086][493]LogModuleManager: Shutting down and abandoning module ShaderCore (28)
[2017.10.06-20.18.42:086][493]LogModuleManager: Shutting down and abandoning module Landscape (26)
[2017.10.06-20.18.42:086][493]LogModuleManager: Shutting down and abandoning module SlateRHIRenderer (24)
[2017.10.06-20.18.42:088][493]LogModuleManager: Shutting down and abandoning module OpenGLDrv (22)
[2017.10.06-20.18.42:088][493]LogModuleManager: Shutting down and abandoning module D3D11RHI (20)
[2017.10.06-20.18.42:088][493]LogModuleManager: Shutting down and abandoning module AnimGraphRuntime (18)
[2017.10.06-20.18.42:088][493]LogModuleManager: Shutting down and abandoning module Renderer (16)
[2017.10.06-20.18.42:088][493]LogModuleManager: Shutting down and abandoning module Engine (14)
[2017.10.06-20.18.42:088][493]LogModuleManager: Shutting down and abandoning module CoreUObject (12)
[2017.10.06-20.18.42:088][493]LogModuleManager: Shutting down and abandoning module NetworkFile (10)
[2017.10.06-20.18.42:088][493]LogModuleManager: Shutting down and abandoning module CookedIterativeFile (8)
[2017.10.06-20.18.42:088][493]LogModuleManager: Shutting down and abandoning module StreamingFile (6)
[2017.10.06-20.18.42:088][493]LogModuleManager: Shutting down and abandoning module SandboxFile (4)
[2017.10.06-20.18.42:088][493]LogModuleManager: Shutting down and abandoning module PakFile (2)
[2017.10.06-20.18.42:092][493]LogExit: Exiting.
[2017.10.06-20.18.42:102][493]Log file closed, 10/06/17 22:18:42
