Log file open, 10/06/17 23:33:51
LogWindows: LoadLibraryWithSearchPaths failed for file aqProf.dll. GetLastError=0
LogWindows: LoadLibraryWithSearchPaths failed for file VtuneApi.dll. GetLastError=0
LogWindows: LoadLibraryWithSearchPaths failed for file VtuneApi32e.dll. GetLastError=0
LogInit: Display: Running engine for game: GoTStreet
LogPlatformFile: Not using cached read wrapper
LogInit: Display: RandInit(-1489324352) SRandInit(-1489324351).
LogTaskGraph: Started task graph with 5 named threads and 14 total threads with 3 sets of task threads.
LogStats: Stats thread started at 0.177999
LogD3D11RHI: Aftermath initialized
LogPluginManager: Mounting plugin Paper2D
LogPluginManager: Mounting plugin LightPropagationVolume
LogPluginManager: Mounting plugin CodeLiteSourceCodeAccess
LogPluginManager: Mounting plugin GitSourceControl
LogPluginManager: Mounting plugin KDevelopSourceCodeAccess
LogPluginManager: Mounting plugin NullSourceCodeAccess
LogPluginManager: Mounting plugin PerforceSourceControl
LogPluginManager: Mounting plugin SubversionSourceControl
LogPluginManager: Mounting plugin UObjectPlugin
LogPluginManager: Mounting plugin VisualStudioSourceCodeAccess
LogPluginManager: Mounting plugin XCodeSourceCodeAccess
LogPluginManager: Mounting plugin AssetManagerEditor
LogPluginManager: Mounting plugin AudioCapture
LogPluginManager: Mounting plugin FacialAnimation
LogPluginManager: Mounting plugin GameplayTagsEditor
LogPluginManager: Mounting plugin MobileLauncherProfileWizard
LogPluginManager: Mounting plugin PluginBrowser
LogPluginManager: Mounting plugin SpeedTreeImporter
LogPluginManager: Mounting plugin AlembicImporter
LogPluginManager: Mounting plugin CharacterAI
LogPluginManager: Mounting plugin HTML5Networking
LogPluginManager: Mounting plugin AndroidMedia
LogPluginManager: Mounting plugin AvfMedia
LogPluginManager: Mounting plugin MediaPlayerEditor
LogPluginManager: Mounting plugin WmfMedia
LogPluginManager: Mounting plugin TcpMessaging
LogPluginManager: Mounting plugin UdpMessaging
LogPluginManager: Mounting plugin LevelSequenceEditor
LogPluginManager: Mounting plugin MatineeToLevelSequence
LogPluginManager: Mounting plugin OnlineSubsystemGooglePlay
LogPluginManager: Mounting plugin OnlineSubsystemIOS
LogPluginManager: Mounting plugin OnlineSubsystem
LogPluginManager: Mounting plugin OnlineSubsystemNull
LogPluginManager: Mounting plugin OnlineSubsystemUtils
LogPluginManager: Mounting plugin AndroidDeviceProfileSelector
LogPluginManager: Mounting plugin AndroidMoviePlayer
LogPluginManager: Mounting plugin AndroidPermission
LogPluginManager: Mounting plugin AppleMoviePlayer
LogPluginManager: Mounting plugin ArchVisCharacter
LogPluginManager: Mounting plugin CableComponent
LogPluginManager: Mounting plugin CustomMeshComponent
LogPluginManager: Mounting plugin ExampleDeviceProfileSelector
LogPluginManager: Mounting plugin GoogleCloudMessaging
LogPluginManager: Mounting plugin ImmediatePhysics
LogPluginManager: Mounting plugin IOSDeviceProfileSelector
LogPluginManager: Mounting plugin LinuxDeviceProfileSelector
LogPluginManager: Mounting plugin LocationServicesBPLibrary
LogPluginManager: Mounting plugin MobilePatchingUtils
LogPluginManager: Mounting plugin OculusVR
LogPluginManager: Mounting plugin PhysXVehicles
LogPluginManager: Mounting plugin ProceduralMeshComponent
LogPluginManager: Mounting plugin RuntimePhysXCooking
LogPluginManager: Mounting plugin SteamVR
LogPluginManager: Mounting plugin WindowsMoviePlayer
LogInit: Using libcurl 7.47.1
LogInit:  - built for x86_64-pc-win32
LogInit:  - supports SSL with OpenSSL/1.0.2g
LogInit:  - supports HTTP deflate (compression) using libz 1.2.8
LogInit:  - other features:
LogInit:      CURL_VERSION_SSL
LogInit:      CURL_VERSION_LIBZ
LogInit:      CURL_VERSION_IPV6
LogInit:      CURL_VERSION_ASYNCHDNS
LogInit:      CURL_VERSION_LARGEFILE
LogInit:      CURL_VERSION_IDN
LogInit:  CurlRequestOptions (configurable via config and command line):
LogInit:  - bVerifyPeer = false  - Libcurl will NOT verify peer certificate
LogInit:  - bUseHttpProxy = false  - Libcurl will NOT use HTTP proxy
LogInit:  - bDontReuseConnections = false  - Libcurl will reuse connections
LogInit:  - CertBundlePath = nullptr  - Libcurl will use whatever was configured at build time.
LogInit: Build: ++UE4+Release-4.17-CL-3586342
LogInit: Engine Version: 4.17.1-3586342+++UE4+Release-4.17
LogInit: Compatible Engine Version: 4.17.0-3573198+++UE4+Release-4.17
LogInit: Net CL: 3573198
LogDevObjectVersion: Number of dev versions registered: 16
LogDevObjectVersion:   Dev-Blueprints (B0D832E4-1F89-4F0D-ACCF-7EB736FD4AA2): 10
LogDevObjectVersion:   Dev-Build (E1C64328-A22C-4D53-A36C-8E866417BD8C): 0
LogDevObjectVersion:   Dev-Core (375EC13C-06E4-48FB-B500-84F0262A717E): 2
LogDevObjectVersion:   Dev-Editor (E4B068ED-F494-42E9-A231-DA0B2E46BB41): 20
LogDevObjectVersion:   Dev-Framework (CFFC743F-43B0-4480-9391-14DF171D2073): 28
LogDevObjectVersion:   Dev-Mobile (B02B49B5-BB20-44E9-A304-32B752E40360): 0
LogDevObjectVersion:   Dev-Networking (A4E4105C-59A1-49B5-A7C5-40C4547EDFEE): 0
LogDevObjectVersion:   Dev-Online (39C831C9-5AE6-47DC-9A44-9C173E1C8E7C): 0
LogDevObjectVersion:   Dev-Physics (78F01B33-EBEA-4F98-B9B4-84EACCB95AA2): 0
LogDevObjectVersion:   Dev-Platform (6631380F-2D4D-43E0-8009-CF276956A95A): 0
LogDevObjectVersion:   Dev-Rendering (12F88B9F-8875-4AFC-A67C-D90C383ABD29): 19
LogDevObjectVersion:   Dev-Sequencer (7B5AE74C-D270-4C10-A958-57980B212A5A): 4
LogDevObjectVersion:   Dev-VR (D7296918-1DD6-4BDD-9DE2-64A83CC13884): 0
LogDevObjectVersion:   Dev-LoadTimes (C2A15278-BFE7-4AFE-6C17-90FF531DF755): 1
LogDevObjectVersion:   Private-Geometry (6EACA3D4-40EC-4CC1-B786-8BED09428FC5): 1
LogDevObjectVersion:   Dev-AnimPhys (29E575DD-E0A3-4627-9D10-D276232CDCEA): 7
LogInit: Compiled (64-bit): Aug 15 2017 02:05:26
LogInit: Compiled with Visual C++: 19.00.24215.01
LogInit: Build Configuration: Development
LogInit: Branch Name: ++UE4+Release-4.17
LogInit: Command line: -EpicPortal 
LogInit: Base directory: D:/Programmering/UnrealEngine/UE_4.17/Engine/Binaries/Win64/
LogInit: Installed Engine Build: 1
LogInit: Presizing for max 8388607 objects, including 0 objects not considered by GC, pre-allocating 0 bytes for permanent pool.
LogInit: Object subsystem initialized
[2017.10.06-21.33.52:647][  0]LogInit: Selected Device Profile: [Windows]
[2017.10.06-21.33.52:647][  0]LogInit: Applying CVar settings loaded from the selected device profile: [Windows]
[2017.10.06-21.33.52:657][  0]LogInit: Computer: STOFFE-PC
[2017.10.06-21.33.52:657][  0]LogInit: User: Stoffe
[2017.10.06-21.33.52:657][  0]LogInit: CPU Page size=4096, Cores=4
[2017.10.06-21.33.52:657][  0]LogInit: High frequency timer resolution =3.318390 MHz
[2017.10.06-21.33.52:657][  0]LogMemory: Memory total: Physical=7.9GB (8GB approx)
[2017.10.06-21.33.52:657][  0]LogMemory: Platform Memory Stats for Windows
[2017.10.06-21.33.52:658][  0]LogMemory: Process Physical Memory: 279.84 MB used, 279.84 MB peak
[2017.10.06-21.33.52:658][  0]LogMemory: Process Virtual Memory: 281.92 MB used, 281.92 MB peak
[2017.10.06-21.33.52:658][  0]LogMemory: Physical Memory: 5352.34 MB used,  2778.23 MB free, 8130.57 MB total
[2017.10.06-21.33.52:658][  0]LogMemory: Virtual Memory: 662.00 MB used,  2778.23 MB free, 134217728.00 MB total
[2017.10.06-21.33.52:803][  0]LogInit: Using OS detected language (en-US).
[2017.10.06-21.33.52:803][  0]LogInit: Using OS detected locale (sv-SE).
[2017.10.06-21.33.52:808][  0]LogTextLocalizationManager: No specific localization for 'en-US' exists, so the 'en' localization will be used.
[2017.10.06-21.33.52:808][  0]LogTextLocalizationManager: No localization for 'sv-SE' exists, so 'en-US' will be used for the locale.
[2017.10.06-21.33.53:717][  0]LogD3D11RHI: D3D11 adapters:
[2017.10.06-21.33.54:437][  0]LogD3D11RHI:    0. 'NVIDIA GeForce GTX 970' (Feature Level 11_0)
[2017.10.06-21.33.54:437][  0]LogD3D11RHI:       4059/0/4065 MB DedicatedVideo/DedicatedSystem/SharedSystem, Outputs:2, VendorId:0x10de
[2017.10.06-21.33.54:440][  0]LogD3D11RHI:    1. 'Microsoft Basic Render Driver' (Feature Level 11_0)
[2017.10.06-21.33.54:440][  0]LogD3D11RHI:       0/0/4065 MB DedicatedVideo/DedicatedSystem/SharedSystem, Outputs:0, VendorId:0x1414
[2017.10.06-21.33.54:440][  0]LogD3D11RHI: Chosen D3D11 Adapter: 0
[2017.10.06-21.33.54:446][  0]LogD3D11RHI: Creating new Direct3DDevice
[2017.10.06-21.33.54:446][  0]LogD3D11RHI:     GPU DeviceId: 0x13c2 (for the marketing name, search the web for "GPU Device Id")
[2017.10.06-21.33.54:446][  0]LogWindows: EnumDisplayDevices:
[2017.10.06-21.33.54:446][  0]LogWindows:    0. 'NVIDIA GeForce GTX 970' (P:0 D:1)
[2017.10.06-21.33.54:446][  0]LogWindows:    1. 'NVIDIA GeForce GTX 970' (P:1 D:1)
[2017.10.06-21.33.54:447][  0]LogWindows:    2. 'NVIDIA GeForce GTX 970' (P:0 D:0)
[2017.10.06-21.33.54:447][  0]LogWindows:    3. 'NVIDIA GeForce GTX 970' (P:0 D:0)
[2017.10.06-21.33.54:447][  0]LogWindows: DebugString: FoundDriverCount:4 
[2017.10.06-21.33.54:447][  0]LogD3D11RHI:     Adapter Name: NVIDIA GeForce GTX 970
[2017.10.06-21.33.54:447][  0]LogD3D11RHI:   Driver Version: 382.53 (internal:22.21.13.8253, unified:382.53)
[2017.10.06-21.33.54:447][  0]LogD3D11RHI:      Driver Date: 6-7-2017
[2017.10.06-21.33.54:447][  0]LogRHI: Texture pool is 1361 MB (70% of 1945 MB)
[2017.10.06-21.33.55:104][  0]LogD3D11RHI: Async texture creation enabled
[2017.10.06-21.33.55:139][  0]LogD3D11RHI: GPU Timing Frequency: 1000.000000 (Debug: 2 1)
[2017.10.06-21.33.55:142][  0]LogShaderCompilers: Guid format shader working directory is 22 characters bigger than the processId version (../../../../../GoTStreet/Intermediate/Shaders/WorkingDirectory/10180/).
[2017.10.06-21.33.55:143][  0]LogShaderCompilers: Cleaned the shader compiler working directory 'C:/Users/Stoffe/AppData/Local/Temp/UnrealShaderWorkingDir/89A442564F11FDF1FED5579697BCEDEE/'.
[2017.10.06-21.33.55:143][  0]LogShaderCompilers: Display: Using Local Shader Compiler.
[2017.10.06-21.33.56:156][  0]LogTemp: Display: Loaded TP AllDesktopTargetPlatform
[2017.10.06-21.33.56:207][  0]LogTemp: Display: Loaded TP MacClientTargetPlatform
[2017.10.06-21.33.56:262][  0]LogTemp: Display: Loaded TP MacNoEditorTargetPlatform
[2017.10.06-21.33.56:320][  0]LogTemp: Display: Loaded TP MacServerTargetPlatform
[2017.10.06-21.33.56:377][  0]LogTemp: Display: Loaded TP MacTargetPlatform
[2017.10.06-21.33.56:427][  0]LogTemp: Display: Loaded TP WindowsClientTargetPlatform
[2017.10.06-21.33.56:476][  0]LogTemp: Display: Loaded TP WindowsNoEditorTargetPlatform
[2017.10.06-21.33.56:528][  0]LogTemp: Display: Loaded TP WindowsServerTargetPlatform
[2017.10.06-21.33.56:573][  0]LogTemp: Display: Loaded TP WindowsTargetPlatform
[2017.10.06-21.33.56:622][  0]LogTemp: Display: Loaded TP AndroidTargetPlatform
[2017.10.06-21.33.56:673][  0]LogTemp: Display: Loaded TP Android_ASTCTargetPlatform
[2017.10.06-21.33.56:725][  0]LogTemp: Display: Loaded TP Android_ATCTargetPlatform
[2017.10.06-21.33.56:773][  0]LogTemp: Display: Loaded TP Android_DXTTargetPlatform
[2017.10.06-21.33.56:823][  0]LogTemp: Display: Loaded TP Android_ETC1TargetPlatform
[2017.10.06-21.33.56:872][  0]LogTemp: Display: Loaded TP Android_ETC2TargetPlatform
[2017.10.06-21.33.56:972][  0]LogTemp: Display: Loaded TP Android_MultiTargetPlatform
[2017.10.06-21.33.56:972][  0]LogTemp: Display: Loaded TP Android_PVRTCTargetPlatform
[2017.10.06-21.33.57:010][  0]LogTemp: Display: Loaded TP HTML5TargetPlatform
[2017.10.06-21.33.57:103][  0]LogTemp: Display: Loaded TP IOSTargetPlatform
[2017.10.06-21.33.57:129][  0]LogTemp: Display: Loaded TP TVOSTargetPlatform
[2017.10.06-21.33.57:181][  0]LogTemp: Display: Loaded TP LinuxClientTargetPlatform
[2017.10.06-21.33.57:241][  0]LogTemp: Display: Loaded TP LinuxNoEditorTargetPlatform
[2017.10.06-21.33.57:290][  0]LogTemp: Display: Loaded TP LinuxServerTargetPlatform
[2017.10.06-21.33.57:343][  0]LogTemp: Display: Loaded TP LinuxTargetPlatform
[2017.10.06-21.33.57:343][  0]LogTargetPlatformManager: Display: Building Assets For Windows
[2017.10.06-21.33.57:786][  0]LogDerivedDataCache: Display: Max Cache Size: 512 MB
[2017.10.06-21.33.57:972][  0]LogDerivedDataCache: Loaded boot cache 0.19s 93MB C:/Users/Stoffe/AppData/Local/UnrealEngine/4.17/DerivedDataCache/Boot.ddc.
[2017.10.06-21.33.57:972][  0]LogDerivedDataCache: Display: Loaded Boot cache: C:/Users/Stoffe/AppData/Local/UnrealEngine/4.17/DerivedDataCache/Boot.ddc
[2017.10.06-21.33.57:973][  0]LogDerivedDataCache: FDerivedDataBackendGraph:  Pak pak cache file ../../../../../GoTStreet/DerivedDataCache/DDC.ddp not found, will not use a pak cache.
[2017.10.06-21.33.57:973][  0]LogDerivedDataCache: Unable to find inner node Pak for hierarchical cache Hierarchy.
[2017.10.06-21.33.57:973][  0]LogDerivedDataCache: FDerivedDataBackendGraph:  CompressedPak pak cache file ../../../../../GoTStreet/DerivedDataCache/Compressed.ddp not found, will not use a pak cache.
[2017.10.06-21.33.57:973][  0]LogDerivedDataCache: Unable to find inner node CompressedPak for hierarchical cache Hierarchy.
[2017.10.06-21.33.57:993][  0]LogDerivedDataCache: Display: Pak cache opened for reading ../../../Engine/DerivedDataCache/Compressed.ddp.
[2017.10.06-21.33.58:007][  0]LogDerivedDataCache: Using Local data cache path C:/Users/Stoffe/AppData/Local/UnrealEngine/Common/DerivedDataCache: Writable
[2017.10.06-21.33.58:018][  0]LogMaterial: Verifying Global Shaders for PCD3D_SM5
[2017.10.06-21.33.58:019][  0]LogSlate: Using Freetype 2.6.0
[2017.10.06-21.33.58:020][  0]LogSlate: SlateFontCache - WITH_FREETYPE: 1, WITH_HARFBUZZ: 1
[2017.10.06-21.33.58:020][  0]LogSlate: SlateFontCache - WITH_FREETYPE: 1, WITH_HARFBUZZ: 1
[2017.10.06-21.33.58:374][  0]LogAssetRegistry: FAssetRegistry took 0.0259 seconds to start up
[2017.10.06-21.33.58:518][  0]LogInit: Selected Device Profile: [Windows]
[2017.10.06-21.33.58:728][  0]LogContentStreaming: Texture pool size is 0.00 MB
[2017.10.06-21.33.59:032][  0]LogSimplygon: Simplygon DLL not present - disabling.
[2017.10.06-21.33.59:072][  0]LogMeshReduction: Using SimplygonSwarm for distributed automatic mesh merging
[2017.10.06-21.33.59:072][  0]LogMeshReduction: Using QuadricMeshReduction for automatic static mesh reduction
[2017.10.06-21.33.59:072][  0]LogMeshReduction: No automatic skeletal mesh reduction module available
[2017.10.06-21.33.59:072][  0]LogMeshReduction: No automatic mesh merging module available
[2017.10.06-21.33.59:072][  0]LogMeshMerging: No automatic mesh merging module available
[2017.10.06-21.33.59:520][  0]LogNetVersion: GoTStreet , NetCL: 3573198, EngineNetVer: 2, GameNetVer: 0 (Checksum: 3135049598)
[2017.10.06-21.33.59:766][  0]LogPackageLocalizationCache: Processed 5 localized package path(s) for 2 prioritized culture(s) in 0.051465 seconds
[2017.10.06-21.33.59:773][  0]LogUObjectArray: 35825 objects as part of root set at end of initial load.
[2017.10.06-21.33.59:773][  0]LogUObjectAllocator: 7529112 out of 0 bytes used by permanent object pool.
[2017.10.06-21.33.59:773][  0]LogUObjectArray: CloseDisregardForGC: 0/0 objects in disregard for GC pool
[2017.10.06-21.33.59:826][  0]LogInit: WinSock: version 1.1 (2.2), MaxSocks=32767, MaxUdp=65467
[2017.10.06-21.34.02:253][  0]LogWmfMedia: Failed to load mf.dll
[2017.10.06-21.34.02:253][  0]LogWmfMedia: Failed to load required Windows Media Foundation libraries
[2017.10.06-21.34.02:326][  0]LogWindowsMoviePlayer: Could not load mf.dll. Library not found.
[2017.10.06-21.34.02:328][  0]LogWindowsMoviePlayer: Could not load mfplat.dll. Library not found.
[2017.10.06-21.34.02:329][  0]LogWindowsMoviePlayer: Could not load mfplay.dll. Library not found.
[2017.10.06-21.34.02:826][  0]LogTcpMessaging: Initializing TcpMessaging bridge
[2017.10.06-21.34.02:862][  0]LogUdpMessaging: Initializing bridge on interface 0.0.0.0:0 to multicast group 230.0.0.1:6666.
[2017.10.06-21.34.03:556][  0]LogMaterial: Uniform references updated for custom material expression Custom.
[2017.10.06-21.34.03:977][  0]SourceControl: Source control is disabled
[2017.10.06-21.34.03:977][  0]SourceControl: Source control is disabled
[2017.10.06-21.34.04:025][  0]SourceControl: Source control is disabled
[2017.10.06-21.34.04:069][  0]SourceControl: Source control is disabled
[2017.10.06-21.34.04:645][  0]LogAndroidPermission: UAndroidPermissionCallbackProxy::GetInstance
[2017.10.06-21.34.04:894][  0]LogOcInput: OculusInput pre-init called
[2017.10.06-21.34.05:145][  0]LogEngine: Initializing Engine...
[2017.10.06-21.34.05:147][  0]LogHMD: Failed to initialize OpenVR with code 110
[2017.10.06-21.34.05:443][  0]LogStats: UGameplayTagsManager::ConstructGameplayTagTree: Construct from data asset -  0.000 s
[2017.10.06-21.34.05:443][  0]LogStats: UGameplayTagsManager::ConstructGameplayTagTree: GameplayTagTreeChangedEvent.Broadcast -  0.000 s
[2017.10.06-21.34.05:575][  0]LogAIModule: Creating AISystem for world Untitled
[2017.10.06-21.34.05:585][  0]LogInit: XAudio2 using 'Speakers (Realtek High Definition Audio)' : 6 channels at 48 kHz using 32 bits per sample (channel mask 0x3f)
[2017.10.06-21.34.05:605][  0]LogInit: FAudioDevice initialized.
[2017.10.06-21.34.05:727][  0]LogDerivedDataCache: Saved boot cache 0.12s 93MB C:/Users/Stoffe/AppData/Local/UnrealEngine/4.17/DerivedDataCache/Boot.ddc.
[2017.10.06-21.34.05:751][  0]LogInit: Texture streaming: Enabled
[2017.10.06-21.34.05:847][  0]LogEngineSessionManager: EngineSessionManager initialized
[2017.10.06-21.34.06:056][  0]LogInit: Transaction tracking system initialized
[2017.10.06-21.34.06:374][  0]BlueprintLog: New page: Editor Load
[2017.10.06-21.34.07:189][  0]LocalizationService: Localization service is disabled
[2017.10.06-21.34.07:919][  0]LogConsoleResponse: Display: 
[2017.10.06-21.34.08:116][  0]LogCook: Display: Max memory allowance for cook 16384mb min free memory 0mb
[2017.10.06-21.34.08:116][  0]LogCook: Display: Mobile HDR setting 1
[2017.10.06-21.34.08:116][  0]LogGameplayTags: Display: UGameplayTagsManager::DoneAddingNativeTags. DelegateIsBound: 0
[2017.10.06-21.34.08:336][  0]LogFileCache: Scanning file cache for directory 'D:/Programmering/GoTStreet/Content/' took 0.01s
[2017.10.06-21.34.09:098][  0]SourceControl: Source control is disabled
[2017.10.06-21.34.09:098][  0]Cmd: MAP LOAD FILE="../../../../../GoTStreet/Content/ThirdPersonBP/Maps/ThirdPersonExampleMap.umap" TEMPLATE=0 SHOWPROGRESS=1 FEATURELEVEL=3
[2017.10.06-21.34.09:099][  0]LightingResults: New page: Lighting Build
[2017.10.06-21.34.09:138][  0]MapCheck: New page: Map Check
[2017.10.06-21.34.09:138][  0]LightingResults: New page: Lighting Build
[2017.10.06-21.34.09:517][  0]LogAIModule: Creating AISystem for world ThirdPersonExampleMap
[2017.10.06-21.34.09:530][  0]LogEditorServer: Finished looking for orphan Actors (0.000 secs)
[2017.10.06-21.34.09:561][  0]Cmd: MAP CHECKDEP NOCLEARLOG
[2017.10.06-21.34.09:649][  0]MapCheck: Map check complete: 0 Error(s), 0 Warning(s), took 87.931ms to complete.
[2017.10.06-21.34.09:649][  0]LogFileHelpers: Loading map 'ThirdPersonExampleMap' took 0.551
[2017.10.06-21.34.09:856][  0]LogCollectionManager: Loaded 0 collections in 0.003385 seconds
[2017.10.06-21.34.09:953][  0]LogFileCache: Scanning file cache for directory 'D:/Programmering/GoTStreet/Saved/Collections/' took 0.01s
[2017.10.06-21.34.09:953][  0]LogFileCache: Scanning file cache for directory 'D:/Programmering/GoTStreet/Content/Developers/Stoffe/Collections/' took 0.01s
[2017.10.06-21.34.09:953][  0]LogFileCache: Scanning file cache for directory 'D:/Programmering/GoTStreet/Content/Collections/' took 0.01s
[2017.10.06-21.34.09:953][  0]LogCollectionManager: Rebuilt the GUID cache for 0 collections in 0.000001 seconds
[2017.10.06-21.34.09:964][  0]LogContentBrowser: Native class hierarchy populated in 0.0108 seconds. Added 2386 classes and 500 folders.
[2017.10.06-21.34.10:017][  0]LogContentBrowser: Native class hierarchy updated for 'WidgetCarousel' in 0.0006 seconds. Added 0 classes and 0 folders.
[2017.10.06-21.34.10:077][  0]LogContentBrowser: Native class hierarchy updated for 'AddContentDialog' in 0.0007 seconds. Added 0 classes and 0 folders.
[2017.10.06-21.34.10:117][  0]LogContentBrowser: Native class hierarchy updated for 'SceneOutliner' in 0.0006 seconds. Added 1 classes and 2 folders.
[2017.10.06-21.34.10:202][  0]LogSlate: Took 0.000950 seconds to synchronously load lazily loaded font '../../../Engine/Content/Slate/Fonts/Roboto-Regular.ttf' (155K)
[2017.10.06-21.34.10:206][  0]LogSlate: Took 0.001123 seconds to synchronously load lazily loaded font '../../../Engine/Content/Slate/Fonts/Roboto-Bold.ttf' (160K)
[2017.10.06-21.34.10:216][  0]LogSlate: Took 0.000538 seconds to synchronously load lazily loaded font '../../../Engine/Content/Editor/Slate/Fonts/FontAwesome.ttf' (139K)
[2017.10.06-21.34.10:363][  0]LogRenderer: Reallocating scene render targets to support 1168x668 Format 10 NumSamples 1 (Frame:1).
[2017.10.06-21.34.10:582][  0]LogContentBrowser: Native class hierarchy updated for 'HierarchicalLODOutliner' in 0.0006 seconds. Added 1 classes and 2 folders.
[2017.10.06-21.34.10:582][  0]LogLoad: (Engine Initialization) Total time: 19.86 seconds
[2017.10.06-21.34.10:582][  0]LogLoad: (Engine Initialization) Total Blueprint compile time: 0.00 seconds
[2017.10.06-21.34.10:582][  0]LogExternalProfiler: Found external profiler: VSPerf
[2017.10.06-21.34.10:583][  0]LogExternalProfiler: Using external profiler: VSPerf
[2017.10.06-21.34.10:946][  0]LogContentStreaming: Texture pool size now 1000 MB
[2017.10.06-21.34.10:991][  0]LogSlate: Took 0.000836 seconds to synchronously load lazily loaded font '../../../Engine/Content/Slate/Fonts/Roboto-Light.ttf' (159K)
[2017.10.06-21.34.11:284][  1]LogAssetRegistry: Asset discovery search completed in 12.9324 seconds
[2017.10.06-21.34.11:288][  1]LogCollectionManager: Rebuilt the object cache for 0 collections in 0.000001 seconds (found 0 objects)
[2017.10.06-21.34.11:288][  1]LogCollectionManager: Fixed up redirectors for 0 collections in 0.000069 seconds (updated 0 objects)
[2017.10.06-21.34.18:972][414]LogSlate: Took 0.000311 seconds to synchronously load lazily loaded font '../../../Engine/Content/Slate/Fonts/Roboto-Light.ttf' (159K)
[2017.10.06-21.34.19:281][414]LogAIModule: Creating AISystem for world GoTStreet
[2017.10.06-21.34.19:332][414]Cmd: MAP LOAD FILE="../../../../../GoTStreet/Content/ThirdPersonBP/Maps/GoTStreet.umap" TEMPLATE=0 SHOWPROGRESS=1 FEATURELEVEL=3
[2017.10.06-21.34.19:332][414]LightingResults: New page: Lighting Build
[2017.10.06-21.34.19:333][414]LoadErrors: New page: Loading map: GoTStreet.umap
[2017.10.06-21.34.19:333][414]MapCheck: New page: Map Check
[2017.10.06-21.34.19:333][414]LightingResults: New page: Lighting Build
[2017.10.06-21.34.19:439][414]LogEditorServer: Finished looking for orphan Actors (0.000 secs)
[2017.10.06-21.34.19:476][414]Cmd: MAP CHECKDEP NOCLEARLOG
[2017.10.06-21.34.19:563][414]MapCheck: Map check complete: 0 Error(s), 0 Warning(s), took 87.51ms to complete.
[2017.10.06-21.34.19:564][414]LogFileHelpers: Loading map 'GoTStreet' took 0.233
[2017.10.06-21.34.30:713][340]LogContentBrowser: Native class hierarchy updated for 'BlueprintGraph' in 0.0010 seconds. Added 113 classes and 0 folders.
[2017.10.06-21.34.31:424][340]LogSlate: Took 0.000828 seconds to synchronously load lazily loaded font '../../../Engine/Content/Slate/Fonts/Roboto-Regular.ttf' (155K)
[2017.10.06-21.34.31:508][340]LogSlate: Took 0.000608 seconds to synchronously load lazily loaded font '../../../Engine/Content/Editor/Slate/Fonts/Roboto-BoldCondensed.ttf' (158K)
[2017.10.06-21.34.47:216][891]LogSlate: Took 0.000397 seconds to synchronously load lazily loaded font '../../../Engine/Content/Slate/Fonts/Roboto-Light.ttf' (159K)
[2017.10.06-21.34.48:069][914]LogSlate: Took 0.000375 seconds to synchronously load lazily loaded font '../../../Engine/Content/Editor/Slate/Fonts/Roboto-Italic.ttf' (157K)
[2017.10.06-21.41.14:496][133]LogSlate: Took 0.000392 seconds to synchronously load lazily loaded font '../../../Engine/Content/Editor/Slate/Fonts/Roboto-BoldCondensedItalic.ttf' (160K)
[2017.10.06-21.46.41:687][851]Cmd: OBJ SAVEPACKAGE PACKAGE="/Game/ThirdPersonBP/Maps/GoTStreet" FILE="../../../../../GoTStreet/Saved/Autosaves/Game/ThirdPersonBP/Maps/GoTStreet_Auto1.umap" SILENT=true AUTOSAVING=true KEEPDIRTY=false
[2017.10.06-21.46.41:921][851]LogSavePackage: Save=229.53ms
[2017.10.06-21.46.41:921][851]LogSavePackage: Moving '../../../../../GoTStreet/Saved/GoTStreet_Auto1162FFCD443122C1959B2FB9439D4B408.tmp' to '../../../../../GoTStreet/Saved/Autosaves/Game/ThirdPersonBP/Maps/GoTStreet_Auto1.umap'
[2017.10.06-21.46.41:923][851]LogSavePackage: Display: Finished SavePackage ../../../../../GoTStreet/Saved/Autosaves/Game/ThirdPersonBP/Maps/GoTStreet_Auto1.umap
[2017.10.06-21.46.41:926][851]LogFileHelpers: Editor autosave (incl. sublevels) for '/Game/ThirdPersonBP/Maps/GoTStreet' took 0.269
[2017.10.06-21.46.41:926][851]LogFileHelpers: Editor autosave (incl. sublevels) for all levels took 0.269
[2017.10.06-21.48.58:085][ 91]Cmd: OBJ SAVEPACKAGE PACKAGE="/Game/ThirdPersonBP/Maps/GoTStreet" FILE="../../../../../GoTStreet/Content/ThirdPersonBP/Maps/GoTStreet.umap" SILENT=true AUTOSAVING=false KEEPDIRTY=false
[2017.10.06-21.48.58:338][ 91]LogSavePackage: Save=228.76ms
[2017.10.06-21.48.58:338][ 91]LogSavePackage: Moving '../../../../../GoTStreet/Saved/GoTStreet53712D9D44FEE10E5838F79DD571EAC5.tmp' to '../../../../../GoTStreet/Content/ThirdPersonBP/Maps/GoTStreet.umap'
[2017.10.06-21.48.58:340][ 91]LogSavePackage: Display: Finished SavePackage ../../../../../GoTStreet/Content/ThirdPersonBP/Maps/GoTStreet.umap
[2017.10.06-21.48.58:355][ 91]LogFileHelpers: Saving map 'GoTStreet' took 0.372
[2017.10.06-21.49.07:168][726]LogTemp: Repeating last play command: Selected Viewport
[2017.10.06-21.49.07:200][726]LogBlueprintUserMessages: Early PlayInEditor Detection: Level '/Game/ThirdPersonBP/Maps/GoTStreet.GoTStreet:PersistentLevel' has LevelScriptBlueprint '/Game/ThirdPersonBP/Maps/GoTStreet.GoTStreet:PersistentLevel.GoTStreet' with GeneratedClass '/Game/ThirdPersonBP/Maps/GoTStreet.GoTStreet_C' with ClassGeneratedBy '/Game/ThirdPersonBP/Maps/GoTStreet.GoTStreet:PersistentLevel.GoTStreet'
[2017.10.06-21.49.07:200][726]LogPlayLevel: PlayLevel: No blueprints needed recompiling
[2017.10.06-21.49.07:200][726]PIE: New page: PIE session: GoTStreet (Oct 7, 2017, 1:49:07 AM)
[2017.10.06-21.49.07:200][726]LogPlayLevel: Creating play world package: /Game/ThirdPersonBP/Maps/UEDPIE_0_GoTStreet
[2017.10.06-21.49.07:207][726]LogPlayLevel: PIE: StaticDuplicateObject took: (0.006561s)
[2017.10.06-21.49.07:208][726]LogAIModule: Creating AISystem for world GoTStreet
[2017.10.06-21.49.07:208][726]LogPlayLevel: PIE: World Init took: (0.000906s)
[2017.10.06-21.49.07:208][726]LogPlayLevel: PIE: Created PIE world by copying editor world from /Game/ThirdPersonBP/Maps/GoTStreet.GoTStreet to /Game/ThirdPersonBP/Maps/UEDPIE_0_GoTStreet.GoTStreet (0.007764s)
[2017.10.06-21.49.07:235][726]LogInit: XAudio2 using 'Speakers (Realtek High Definition Audio)' : 6 channels at 48 kHz using 32 bits per sample (channel mask 0x3f)
[2017.10.06-21.49.07:248][726]LogInit: FAudioDevice initialized.
[2017.10.06-21.49.07:296][726]LogLoad: Game class is 'ThirdPersonGameMode_C'
[2017.10.06-21.49.07:303][726]LogWorld: Bringing World /Game/ThirdPersonBP/Maps/UEDPIE_0_GoTStreet.GoTStreet up for play (max tick rate 0) at 2017.10.06-23.49.07
[2017.10.06-21.49.07:304][726]LogWorld: Bringing up level for play took: 0.005950
[2017.10.06-21.49.07:343][726]LogContentBrowser: Native class hierarchy updated for 'MovieSceneCapture' in 0.0008 seconds. Added 11 classes and 0 folders.
[2017.10.06-21.49.07:345][726]PIE: Play in editor start time for /Game/ThirdPersonBP/Maps/UEDPIE_0_GoTStreet 0.134
[2017.10.06-21.49.07:346][726]LogBlueprintUserMessages: Late PlayInEditor Detection: Level '/Game/ThirdPersonBP/Maps/GoTStreet.GoTStreet:PersistentLevel' has LevelScriptBlueprint '/Game/ThirdPersonBP/Maps/GoTStreet.GoTStreet:PersistentLevel.GoTStreet' with GeneratedClass '/Game/ThirdPersonBP/Maps/GoTStreet.GoTStreet_C' with ClassGeneratedBy '/Game/ThirdPersonBP/Maps/GoTStreet.GoTStreet:PersistentLevel.GoTStreet'
[2017.10.06-21.49.49:903][914]LogBlueprintUserMessages: Early EndPlayMap Detection: Level '/Game/ThirdPersonBP/Maps/GoTStreet.GoTStreet:PersistentLevel' has LevelScriptBlueprint '/Game/ThirdPersonBP/Maps/GoTStreet.GoTStreet:PersistentLevel.GoTStreet' with GeneratedClass '/Game/ThirdPersonBP/Maps/GoTStreet.GoTStreet_C' with ClassGeneratedBy '/Game/ThirdPersonBP/Maps/GoTStreet.GoTStreet:PersistentLevel.GoTStreet'
[2017.10.06-21.49.49:947][914]LogBlueprintUserMessages: Late EndPlayMap Detection: Level '/Game/ThirdPersonBP/Maps/GoTStreet.GoTStreet:PersistentLevel' has LevelScriptBlueprint '/Game/ThirdPersonBP/Maps/GoTStreet.GoTStreet:PersistentLevel.GoTStreet' with GeneratedClass '/Game/ThirdPersonBP/Maps/GoTStreet.GoTStreet_C' with ClassGeneratedBy '/Game/ThirdPersonBP/Maps/GoTStreet.GoTStreet:PersistentLevel.GoTStreet'
[2017.10.06-21.54.55:169][471]Cmd: OBJ SAVEPACKAGE PACKAGE="/Game/ThirdPersonBP/Maps/GoTStreet" FILE="../../../../../GoTStreet/Content/ThirdPersonBP/Maps/GoTStreet.umap" SILENT=true AUTOSAVING=false KEEPDIRTY=false
[2017.10.06-21.54.55:431][471]LogSavePackage: Save=235.93ms
[2017.10.06-21.54.55:431][471]LogSavePackage: Moving '../../../../../GoTStreet/Saved/GoTStreetE1B8397C4D1BC9DEFD5A00B147E2D052.tmp' to '../../../../../GoTStreet/Content/ThirdPersonBP/Maps/GoTStreet.umap'
[2017.10.06-21.54.55:434][471]LogSavePackage: Display: Finished SavePackage ../../../../../GoTStreet/Content/ThirdPersonBP/Maps/GoTStreet.umap
[2017.10.06-21.54.55:449][471]LogFileHelpers: Saving map 'GoTStreet' took 0.376
[2017.10.06-21.54.59:357][731]LogTemp: Repeating last play command: Selected Viewport
[2017.10.06-21.54.59:370][731]LogBlueprintUserMessages: Early PlayInEditor Detection: Level '/Game/ThirdPersonBP/Maps/GoTStreet.GoTStreet:PersistentLevel' has LevelScriptBlueprint '/Game/ThirdPersonBP/Maps/GoTStreet.GoTStreet:PersistentLevel.GoTStreet' with GeneratedClass '/Game/ThirdPersonBP/Maps/GoTStreet.GoTStreet_C' with ClassGeneratedBy '/Game/ThirdPersonBP/Maps/GoTStreet.GoTStreet:PersistentLevel.GoTStreet'
[2017.10.06-21.54.59:370][731]LogPlayLevel: PlayLevel: No blueprints needed recompiling
[2017.10.06-21.54.59:370][731]PIE: New page: PIE session: GoTStreet (Oct 7, 2017, 1:54:59 AM)
[2017.10.06-21.54.59:370][731]LogPlayLevel: Creating play world package: /Game/ThirdPersonBP/Maps/UEDPIE_0_GoTStreet
[2017.10.06-21.54.59:377][731]LogPlayLevel: PIE: StaticDuplicateObject took: (0.006809s)
[2017.10.06-21.54.59:378][731]LogAIModule: Creating AISystem for world GoTStreet
[2017.10.06-21.54.59:378][731]LogPlayLevel: PIE: World Init took: (0.000909s)
[2017.10.06-21.54.59:379][731]LogPlayLevel: PIE: Created PIE world by copying editor world from /Game/ThirdPersonBP/Maps/GoTStreet.GoTStreet to /Game/ThirdPersonBP/Maps/UEDPIE_0_GoTStreet.GoTStreet (0.008196s)
[2017.10.06-21.54.59:417][731]LogInit: XAudio2 using 'Speakers (Realtek High Definition Audio)' : 6 channels at 48 kHz using 32 bits per sample (channel mask 0x3f)
[2017.10.06-21.54.59:429][731]LogInit: FAudioDevice initialized.
[2017.10.06-21.54.59:466][731]LogLoad: Game class is 'ThirdPersonGameMode_C'
[2017.10.06-21.54.59:472][731]LogWorld: Bringing World /Game/ThirdPersonBP/Maps/UEDPIE_0_GoTStreet.GoTStreet up for play (max tick rate 0) at 2017.10.06-23.54.59
[2017.10.06-21.54.59:472][731]LogWorld: Bringing up level for play took: 0.005368
[2017.10.06-21.54.59:475][731]PIE: Play in editor start time for /Game/ThirdPersonBP/Maps/UEDPIE_0_GoTStreet 0.264
[2017.10.06-21.54.59:475][731]LogBlueprintUserMessages: Late PlayInEditor Detection: Level '/Game/ThirdPersonBP/Maps/GoTStreet.GoTStreet:PersistentLevel' has LevelScriptBlueprint '/Game/ThirdPersonBP/Maps/GoTStreet.GoTStreet:PersistentLevel.GoTStreet' with GeneratedClass '/Game/ThirdPersonBP/Maps/GoTStreet.GoTStreet_C' with ClassGeneratedBy '/Game/ThirdPersonBP/Maps/GoTStreet.GoTStreet:PersistentLevel.GoTStreet'
[2017.10.06-21.55.10:478][546]LogBlueprintUserMessages: Early EndPlayMap Detection: Level '/Game/ThirdPersonBP/Maps/GoTStreet.GoTStreet:PersistentLevel' has LevelScriptBlueprint '/Game/ThirdPersonBP/Maps/GoTStreet.GoTStreet:PersistentLevel.GoTStreet' with GeneratedClass '/Game/ThirdPersonBP/Maps/GoTStreet.GoTStreet_C' with ClassGeneratedBy '/Game/ThirdPersonBP/Maps/GoTStreet.GoTStreet:PersistentLevel.GoTStreet'
[2017.10.06-21.55.10:520][546]LogBlueprintUserMessages: Late EndPlayMap Detection: Level '/Game/ThirdPersonBP/Maps/GoTStreet.GoTStreet:PersistentLevel' has LevelScriptBlueprint '/Game/ThirdPersonBP/Maps/GoTStreet.GoTStreet:PersistentLevel.GoTStreet' with GeneratedClass '/Game/ThirdPersonBP/Maps/GoTStreet.GoTStreet_C' with ClassGeneratedBy '/Game/ThirdPersonBP/Maps/GoTStreet.GoTStreet:PersistentLevel.GoTStreet'
[2017.10.06-21.56.24:802][394]LogTemp: Repeating last play command: Selected Viewport
[2017.10.06-21.56.24:815][394]LogBlueprintUserMessages: Early PlayInEditor Detection: Level '/Game/ThirdPersonBP/Maps/GoTStreet.GoTStreet:PersistentLevel' has LevelScriptBlueprint '/Game/ThirdPersonBP/Maps/GoTStreet.GoTStreet:PersistentLevel.GoTStreet' with GeneratedClass '/Game/ThirdPersonBP/Maps/GoTStreet.GoTStreet_C' with ClassGeneratedBy '/Game/ThirdPersonBP/Maps/GoTStreet.GoTStreet:PersistentLevel.GoTStreet'
[2017.10.06-21.56.24:815][394]LogPlayLevel: PlayLevel: No blueprints needed recompiling
[2017.10.06-21.56.24:815][394]PIE: New page: PIE session: GoTStreet (Oct 7, 2017, 1:56:24 AM)
[2017.10.06-21.56.24:815][394]LogPlayLevel: Creating play world package: /Game/ThirdPersonBP/Maps/UEDPIE_0_GoTStreet
[2017.10.06-21.56.24:822][394]LogPlayLevel: PIE: StaticDuplicateObject took: (0.006785s)
[2017.10.06-21.56.24:823][394]LogAIModule: Creating AISystem for world GoTStreet
[2017.10.06-21.56.24:823][394]LogPlayLevel: PIE: World Init took: (0.000914s)
[2017.10.06-21.56.24:823][394]LogPlayLevel: PIE: Created PIE world by copying editor world from /Game/ThirdPersonBP/Maps/GoTStreet.GoTStreet to /Game/ThirdPersonBP/Maps/UEDPIE_0_GoTStreet.GoTStreet (0.008092s)
[2017.10.06-21.56.24:848][394]LogInit: XAudio2 using 'Speakers (Realtek High Definition Audio)' : 6 channels at 48 kHz using 32 bits per sample (channel mask 0x3f)
[2017.10.06-21.56.24:858][394]LogInit: FAudioDevice initialized.
[2017.10.06-21.56.24:894][394]LogLoad: Game class is 'ThirdPersonGameMode_C'
[2017.10.06-21.56.24:901][394]LogWorld: Bringing World /Game/ThirdPersonBP/Maps/UEDPIE_0_GoTStreet.GoTStreet up for play (max tick rate 0) at 2017.10.06-23.56.24
[2017.10.06-21.56.24:901][394]LogWorld: Bringing up level for play took: 0.005919
[2017.10.06-21.56.24:904][394]PIE: Play in editor start time for /Game/ThirdPersonBP/Maps/UEDPIE_0_GoTStreet -0.307
[2017.10.06-21.56.24:904][394]LogBlueprintUserMessages: Late PlayInEditor Detection: Level '/Game/ThirdPersonBP/Maps/GoTStreet.GoTStreet:PersistentLevel' has LevelScriptBlueprint '/Game/ThirdPersonBP/Maps/GoTStreet.GoTStreet:PersistentLevel.GoTStreet' with GeneratedClass '/Game/ThirdPersonBP/Maps/GoTStreet.GoTStreet_C' with ClassGeneratedBy '/Game/ThirdPersonBP/Maps/GoTStreet.GoTStreet:PersistentLevel.GoTStreet'
[2017.10.06-21.56.27:697][609]LogBlueprintUserMessages: Early EndPlayMap Detection: Level '/Game/ThirdPersonBP/Maps/GoTStreet.GoTStreet:PersistentLevel' has LevelScriptBlueprint '/Game/ThirdPersonBP/Maps/GoTStreet.GoTStreet:PersistentLevel.GoTStreet' with GeneratedClass '/Game/ThirdPersonBP/Maps/GoTStreet.GoTStreet_C' with ClassGeneratedBy '/Game/ThirdPersonBP/Maps/GoTStreet.GoTStreet:PersistentLevel.GoTStreet'
[2017.10.06-21.56.27:739][609]LogBlueprintUserMessages: Late EndPlayMap Detection: Level '/Game/ThirdPersonBP/Maps/GoTStreet.GoTStreet:PersistentLevel' has LevelScriptBlueprint '/Game/ThirdPersonBP/Maps/GoTStreet.GoTStreet:PersistentLevel.GoTStreet' with GeneratedClass '/Game/ThirdPersonBP/Maps/GoTStreet.GoTStreet_C' with ClassGeneratedBy '/Game/ThirdPersonBP/Maps/GoTStreet.GoTStreet:PersistentLevel.GoTStreet'
[2017.10.06-21.56.30:093][788]LogTemp: Repeating last play command: Selected Viewport
[2017.10.06-21.56.30:106][788]LogBlueprintUserMessages: Early PlayInEditor Detection: Level '/Game/ThirdPersonBP/Maps/GoTStreet.GoTStreet:PersistentLevel' has LevelScriptBlueprint '/Game/ThirdPersonBP/Maps/GoTStreet.GoTStreet:PersistentLevel.GoTStreet' with GeneratedClass '/Game/ThirdPersonBP/Maps/GoTStreet.GoTStreet_C' with ClassGeneratedBy '/Game/ThirdPersonBP/Maps/GoTStreet.GoTStreet:PersistentLevel.GoTStreet'
[2017.10.06-21.56.30:106][788]LogPlayLevel: PlayLevel: No blueprints needed recompiling
[2017.10.06-21.56.30:106][788]PIE: New page: PIE session: GoTStreet (Oct 7, 2017, 1:56:30 AM)
[2017.10.06-21.56.30:106][788]LogPlayLevel: Creating play world package: /Game/ThirdPersonBP/Maps/UEDPIE_0_GoTStreet
[2017.10.06-21.56.30:113][788]LogPlayLevel: PIE: StaticDuplicateObject took: (0.006403s)
[2017.10.06-21.56.30:113][788]LogAIModule: Creating AISystem for world GoTStreet
[2017.10.06-21.56.30:114][788]LogPlayLevel: PIE: World Init took: (0.000707s)
[2017.10.06-21.56.30:114][788]LogPlayLevel: PIE: Created PIE world by copying editor world from /Game/ThirdPersonBP/Maps/GoTStreet.GoTStreet to /Game/ThirdPersonBP/Maps/UEDPIE_0_GoTStreet.GoTStreet (0.007448s)
[2017.10.06-21.56.30:144][788]LogInit: XAudio2 using 'Speakers (Realtek High Definition Audio)' : 6 channels at 48 kHz using 32 bits per sample (channel mask 0x3f)
[2017.10.06-21.56.30:154][788]LogInit: FAudioDevice initialized.
[2017.10.06-21.56.30:193][788]LogLoad: Game class is 'ThirdPersonGameMode_C'
[2017.10.06-21.56.30:199][788]LogWorld: Bringing World /Game/ThirdPersonBP/Maps/UEDPIE_0_GoTStreet.GoTStreet up for play (max tick rate 0) at 2017.10.06-23.56.30
[2017.10.06-21.56.30:199][788]LogWorld: Bringing up level for play took: 0.005436
[2017.10.06-21.56.30:202][788]PIE: Play in editor start time for /Game/ThirdPersonBP/Maps/UEDPIE_0_GoTStreet 0.991
[2017.10.06-21.56.30:202][788]LogBlueprintUserMessages: Late PlayInEditor Detection: Level '/Game/ThirdPersonBP/Maps/GoTStreet.GoTStreet:PersistentLevel' has LevelScriptBlueprint '/Game/ThirdPersonBP/Maps/GoTStreet.GoTStreet:PersistentLevel.GoTStreet' with GeneratedClass '/Game/ThirdPersonBP/Maps/GoTStreet.GoTStreet_C' with ClassGeneratedBy '/Game/ThirdPersonBP/Maps/GoTStreet.GoTStreet:PersistentLevel.GoTStreet'
[2017.10.06-21.56.35:459][202]LogBlueprintUserMessages: Early EndPlayMap Detection: Level '/Game/ThirdPersonBP/Maps/GoTStreet.GoTStreet:PersistentLevel' has LevelScriptBlueprint '/Game/ThirdPersonBP/Maps/GoTStreet.GoTStreet:PersistentLevel.GoTStreet' with GeneratedClass '/Game/ThirdPersonBP/Maps/GoTStreet.GoTStreet_C' with ClassGeneratedBy '/Game/ThirdPersonBP/Maps/GoTStreet.GoTStreet:PersistentLevel.GoTStreet'
[2017.10.06-21.56.35:496][202]LogBlueprintUserMessages: Late EndPlayMap Detection: Level '/Game/ThirdPersonBP/Maps/GoTStreet.GoTStreet:PersistentLevel' has LevelScriptBlueprint '/Game/ThirdPersonBP/Maps/GoTStreet.GoTStreet:PersistentLevel.GoTStreet' with GeneratedClass '/Game/ThirdPersonBP/Maps/GoTStreet.GoTStreet_C' with ClassGeneratedBy '/Game/ThirdPersonBP/Maps/GoTStreet.GoTStreet:PersistentLevel.GoTStreet'
[2017.10.06-22.02.22:718][905]Cmd: OBJ SAVEPACKAGE PACKAGE="/Game/ThirdPersonBP/Maps/GoTStreet" FILE="../../../../../GoTStreet/Content/ThirdPersonBP/Maps/GoTStreet.umap" SILENT=true AUTOSAVING=false KEEPDIRTY=false
[2017.10.06-22.02.22:967][905]LogSavePackage: Save=217.90ms
[2017.10.06-22.02.22:967][905]LogSavePackage: Moving '../../../../../GoTStreet/Saved/GoTStreet8D66C2F749B4E43F9D3F7F8EAF1FA133.tmp' to '../../../../../GoTStreet/Content/ThirdPersonBP/Maps/GoTStreet.umap'
[2017.10.06-22.02.22:970][905]LogSavePackage: Display: Finished SavePackage ../../../../../GoTStreet/Content/ThirdPersonBP/Maps/GoTStreet.umap
[2017.10.06-22.02.22:982][905]LogFileHelpers: Saving map 'GoTStreet' took 0.360
[2017.10.06-22.02.34:155][853]LogWindowsTextInputMethodSystem: Display: IME system now deactivated.
[2017.10.06-22.02.34:382][854]Cmd: QUIT_EDITOR
[2017.10.06-22.02.34:725][854]LogExit: Preparing to exit.
[2017.10.06-22.02.35:223][854]LogDirectoryWatcher: A directory notification for 'D:/Programmering/GoTStreet/Content/' was aborted.
[2017.10.06-22.02.35:264][854]LogExit: Editor shut down
[2017.10.06-22.02.35:270][854]LogExit: Transaction tracking system shut down
[2017.10.06-22.02.35:449][854]LogDirectoryWatcher: A directory notification for '../../../Engine/Content/' was aborted.
[2017.10.06-22.02.35:449][854]LogDirectoryWatcher: A directory notification for '../../../../../GoTStreet/Content/' was aborted.
[2017.10.06-22.02.35:449][854]LogDirectoryWatcher: A directory notification for '../../../Engine/Plugins/2D/Paper2D/Content/' was aborted.
[2017.10.06-22.02.35:449][854]LogDirectoryWatcher: A directory notification for '../../../Engine/Plugins/Runtime/Oculus/OculusVR/Content/' was aborted.
[2017.10.06-22.02.35:449][854]LogDirectoryWatcher: A directory notification for '../../../Engine/Plugins/Runtime/Steam/SteamVR/Content/' was aborted.
[2017.10.06-22.02.35:552][854]LogExit: Object subsystem successfully closed.
[2017.10.06-22.02.35:573][854]LogD3D11RHI: Shutdown
[2017.10.06-22.02.35:573][854]LogD3D11RHI: CleanupD3DDevice
[2017.10.06-22.02.35:681][854]LogD3D11RHI: ~FD3D11DynamicRHI
[2017.10.06-22.02.35:689][854]LogModuleManager: Shutting down and abandoning module MovieSceneCapture (536)
[2017.10.06-22.02.35:689][854]LogModuleManager: Shutting down and abandoning module BlueprintGraph (534)
[2017.10.06-22.02.35:689][854]LogModuleManager: Shutting down and abandoning module BlueprintProfiler (532)
[2017.10.06-22.02.35:689][854]LogModuleManager: Shutting down and abandoning module HierarchicalLODOutliner (530)
[2017.10.06-22.02.35:689][854]LogModuleManager: Shutting down and abandoning module SceneOutliner (528)
[2017.10.06-22.02.35:689][854]LogModuleManager: Shutting down and abandoning module AddContentDialog (526)
[2017.10.06-22.02.35:689][854]LogDirectoryWatcher: A directory notification for 'D:/Programmering/UnrealEngine/UE_4.17/FeaturePacks/' was aborted.
[2017.10.06-22.02.35:690][854]LogModuleManager: Shutting down and abandoning module WidgetCarousel (525)
[2017.10.06-22.02.35:690][854]LogModuleManager: Shutting down and abandoning module EditorWidgets (522)
[2017.10.06-22.02.35:690][854]LogModuleManager: Shutting down and abandoning module CollectionManager (520)
[2017.10.06-22.02.35:690][854]LogDirectoryWatcher: A directory notification for 'D:/Programmering/GoTStreet/Content/Collections/' was aborted.
[2017.10.06-22.02.35:691][854]LogDirectoryWatcher: A directory notification for 'D:/Programmering/GoTStreet/Content/Developers/Stoffe/Collections/' was aborted.
[2017.10.06-22.02.35:691][854]LogDirectoryWatcher: A directory notification for 'D:/Programmering/GoTStreet/Saved/Collections/' was aborted.
[2017.10.06-22.02.35:691][854]LogModuleManager: Shutting down and abandoning module StatsViewer (518)
[2017.10.06-22.02.35:691][854]LogModuleManager: Shutting down and abandoning module FoliageEdit (516)
[2017.10.06-22.02.35:691][854]LogModuleManager: Shutting down and abandoning module LandscapeEditor (514)
[2017.10.06-22.02.35:691][854]LogModuleManager: Shutting down and abandoning module MeshPaintMode (512)
[2017.10.06-22.02.35:691][854]LogModuleManager: Shutting down and abandoning module SceneDepthPickerMode (510)
[2017.10.06-22.02.35:691][854]LogModuleManager: Shutting down and abandoning module ActorPickerMode (508)
[2017.10.06-22.02.35:691][854]LogModuleManager: Shutting down and abandoning module GeometryMode (506)
[2017.10.06-22.02.35:691][854]LogModuleManager: Shutting down and abandoning module TextureAlignMode (504)
[2017.10.06-22.02.35:691][854]LogModuleManager: Shutting down and abandoning module BspMode (502)
[2017.10.06-22.02.35:691][854]LogModuleManager: Shutting down and abandoning module PIEPreviewDeviceProfileSelector (500)
[2017.10.06-22.02.35:691][854]LogModuleManager: Shutting down and abandoning module HardwareSurvey (498)
[2017.10.06-22.02.35:691][854]LogModuleManager: Shutting down and abandoning module SequenceRecorderSections (496)
[2017.10.06-22.02.35:691][854]LogModuleManager: Shutting down and abandoning module AutomationWorker (494)
[2017.10.06-22.02.35:691][854]LogModuleManager: Shutting down and abandoning module MatineeToLevelSequence (492)
[2017.10.06-22.02.35:691][854]LogModuleManager: Shutting down and abandoning module LevelSequenceEditor (490)
[2017.10.06-22.02.35:691][854]LogModuleManager: Shutting down and abandoning module PlacementMode (489)
[2017.10.06-22.02.35:691][854]LogModuleManager: Shutting down and abandoning module WmfMediaFactory (486)
[2017.10.06-22.02.35:691][854]LogModuleManager: Shutting down and abandoning module WmfMediaEditor (484)
[2017.10.06-22.02.35:691][854]LogModuleManager: Shutting down and abandoning module AvfMediaFactory (482)
[2017.10.06-22.02.35:691][854]LogModuleManager: Shutting down and abandoning module AvfMediaEditor (480)
[2017.10.06-22.02.35:691][854]LogModuleManager: Shutting down and abandoning module AndroidMediaFactory (478)
[2017.10.06-22.02.35:691][854]LogModuleManager: Shutting down and abandoning module Media (477)
[2017.10.06-22.02.35:691][854]LogModuleManager: Shutting down and abandoning module AndroidMediaEditor (474)
[2017.10.06-22.02.35:691][854]LogModuleManager: Shutting down and abandoning module CharacterAI (472)
[2017.10.06-22.02.35:691][854]LogModuleManager: Shutting down and abandoning module AudioCapture (470)
[2017.10.06-22.02.35:691][854]LogModuleManager: Shutting down and abandoning module SequenceRecorder (469)
[2017.10.06-22.02.35:691][854]LogModuleManager: Shutting down and abandoning module SmartSnapping (466)
[2017.10.06-22.02.35:691][854]LogModuleManager: Shutting down and abandoning module SessionServices (464)
[2017.10.06-22.02.35:691][854]LogModuleManager: Shutting down and abandoning module ViewportSnapping (462)
[2017.10.06-22.02.35:691][854]LogModuleManager: Shutting down and abandoning module ViewportInteraction (460)
[2017.10.06-22.02.35:691][854]LogModuleManager: Shutting down and abandoning module ClothPainter (458)
[2017.10.06-22.02.35:691][854]LogModuleManager: Shutting down and abandoning module LogVisualizer (456)
[2017.10.06-22.02.35:691][854]LogModuleManager: Shutting down and abandoning module IntroTutorials (454)
[2017.10.06-22.02.35:691][854]LogModuleManager: Shutting down and abandoning module GameProjectGeneration (453)
[2017.10.06-22.02.35:692][854]LogModuleManager: Shutting down and abandoning module IOSPlatformEditor (450)
[2017.10.06-22.02.35:692][854]LogModuleManager: Shutting down and abandoning module HTML5PlatformEditor (448)
[2017.10.06-22.02.35:692][854]LogModuleManager: Shutting down and abandoning module AndroidPlatformEditor (446)
[2017.10.06-22.02.35:692][854]LogModuleManager: Shutting down and abandoning module AndroidDeviceDetection (445)
[2017.10.06-22.02.35:954][854]LogModuleManager: Shutting down and abandoning module WindowsPlatformEditor (442)
[2017.10.06-22.02.35:954][854]LogModuleManager: Shutting down and abandoning module IOSRuntimeSettings (440)
[2017.10.06-22.02.35:954][854]LogModuleManager: Shutting down and abandoning module AndroidRuntimeSettings (438)
[2017.10.06-22.02.35:954][854]LogModuleManager: Shutting down and abandoning module InputBindingEditor (436)
[2017.10.06-22.02.35:954][854]LogModuleManager: Shutting down and abandoning module MergeActors (434)
[2017.10.06-22.02.35:954][854]LogModuleManager: Shutting down and abandoning module SizeMap (432)
[2017.10.06-22.02.35:954][854]LogModuleManager: Shutting down and abandoning module TreeMap (430)
[2017.10.06-22.02.35:954][854]LogModuleManager: Shutting down and abandoning module ReferenceViewer (428)
[2017.10.06-22.02.35:954][854]LogModuleManager: Shutting down and abandoning module LocalizationDashboard (426)
[2017.10.06-22.02.35:954][854]LogModuleManager: Shutting down and abandoning module LocalizationService (425)
[2017.10.06-22.02.35:954][854]LogModuleManager: Shutting down and abandoning module HardwareTargeting (422)
[2017.10.06-22.02.35:954][854]LogModuleManager: Shutting down and abandoning module DeviceProfileEditor (420)
[2017.10.06-22.02.35:954][854]LogModuleManager: Shutting down and abandoning module UndoHistory (418)
[2017.10.06-22.02.35:954][854]LogModuleManager: Shutting down and abandoning module XmlParser (416)
[2017.10.06-22.02.35:954][854]LogModuleManager: Shutting down and abandoning module Blutility (414)
[2017.10.06-22.02.35:954][854]LogModuleManager: Shutting down and abandoning module ProjectSettingsViewer (412)
[2017.10.06-22.02.35:954][854]LogModuleManager: Shutting down and abandoning module ProjectTargetPlatformEditor (411)
[2017.10.06-22.02.35:955][854]LogModuleManager: Shutting down and abandoning module EditorSettingsViewer (408)
[2017.10.06-22.02.35:955][854]LogModuleManager: Shutting down and abandoning module SettingsEditor (406)
[2017.10.06-22.02.35:955][854]LogModuleManager: Shutting down and abandoning module ProjectLauncher (404)
[2017.10.06-22.02.35:955][854]LogModuleManager: Shutting down and abandoning module SessionFrontend (402)
[2017.10.06-22.02.35:955][854]LogModuleManager: Shutting down and abandoning module ProfilerClient (400)
[2017.10.06-22.02.35:955][854]LogModuleManager: Shutting down and abandoning module DeviceManager (398)
[2017.10.06-22.02.35:955][854]LogModuleManager: Shutting down and abandoning module TargetDeviceServices (397)
[2017.10.06-22.02.36:018][854]LogModuleManager: Shutting down and abandoning module AutomationController (394)
[2017.10.06-22.02.36:018][854]LogModuleManager: Shutting down and abandoning module AutomationWindow (392)
[2017.10.06-22.02.36:018][854]LogModuleManager: Shutting down and abandoning module Layers (390)
[2017.10.06-22.02.36:018][854]LogModuleManager: Shutting down and abandoning module ComponentVisualizers (388)
[2017.10.06-22.02.36:018][854]LogModuleManager: Shutting down and abandoning module DetailCustomizations (386)
[2017.10.06-22.02.36:018][854]LogModuleManager: Shutting down and abandoning module PackagesDialog (384)
[2017.10.06-22.02.36:018][854]LogModuleManager: Shutting down and abandoning module Persona (382)
[2017.10.06-22.02.36:019][854]LogModuleManager: Shutting down and abandoning module AdvancedPreviewScene (381)
[2017.10.06-22.02.36:019][854]LogModuleManager: Shutting down and abandoning module AnimGraph (379)
[2017.10.06-22.02.36:019][854]LogModuleManager: Shutting down and abandoning module Kismet (376)
[2017.10.06-22.02.36:027][854]LogModuleManager: Shutting down and abandoning module ClassViewer (374)
[2017.10.06-22.02.36:027][854]LogModuleManager: Shutting down and abandoning module Toolbox (372)
[2017.10.06-22.02.36:027][854]LogModuleManager: Shutting down and abandoning module ModuleUI (370)
[2017.10.06-22.02.36:027][854]LogModuleManager: Shutting down and abandoning module MovieSceneTools (368)
[2017.10.06-22.02.36:027][854]LogModuleManager: Shutting down and abandoning module OutputLog (366)
[2017.10.06-22.02.36:027][854]LogModuleManager: Shutting down and abandoning module GammaUI (364)
[2017.10.06-22.02.36:027][854]LogModuleManager: Shutting down and abandoning module Documentation (362)
[2017.10.06-22.02.36:027][854]LogModuleManager: Shutting down and abandoning module MovieSceneTracks (360)
[2017.10.06-22.02.36:027][854]LogModuleManager: Shutting down and abandoning module MovieScene (358)
[2017.10.06-22.02.36:027][854]LogModuleManager: Shutting down and abandoning module Niagara (356)
[2017.10.06-22.02.36:027][854]LogModuleManager: Shutting down and abandoning module NiagaraEditor (355)
[2017.10.06-22.02.36:027][854]LogModuleManager: Shutting down and abandoning module StreamingPauseRendering (352)
[2017.10.06-22.02.36:027][854]LogModuleManager: Shutting down and abandoning module LauncherPlatform (350)
[2017.10.06-22.02.36:027][854]LogModuleManager: Shutting down and abandoning module AnalyticsET (348)
[2017.10.06-22.02.36:027][854]LogModuleManager: Shutting down and abandoning module PortalServices (346)
[2017.10.06-22.02.36:027][854]LogModuleManager: Shutting down and abandoning module PortalRpc (344)
[2017.10.06-22.02.36:027][854]LogModuleManager: Shutting down and abandoning module MessagingRpc (342)
[2017.10.06-22.02.36:027][854]LogModuleManager: Shutting down and abandoning module AIModule (340)
[2017.10.06-22.02.36:027][854]LogModuleManager: Shutting down and abandoning module GameplayDebugger (339)
[2017.10.06-22.02.36:027][854]LogModuleManager: Shutting down and abandoning module AITestSuite (337)
[2017.10.06-22.02.36:027][854]LogModuleManager: Shutting down and abandoning module ProfilerService (334)
[2017.10.06-22.02.36:210][854]LogModuleManager: Shutting down and abandoning module TaskGraph (332)
[2017.10.06-22.02.36:210][854]LogModuleManager: Shutting down and abandoning module SteamVRController (330)
[2017.10.06-22.02.36:210][854]LogModuleManager: Shutting down and abandoning module ProceduralMeshComponentEditor (328)
[2017.10.06-22.02.36:210][854]LogModuleManager: Shutting down and abandoning module ProceduralMeshComponent (326)
[2017.10.06-22.02.36:210][854]LogModuleManager: Shutting down and abandoning module OculusInput (324)
[2017.10.06-22.02.36:210][854]LogModuleManager: Shutting down and abandoning module MobilePatchingUtils (322)
[2017.10.06-22.02.36:210][854]LogModuleManager: Shutting down and abandoning module CustomMeshComponent (320)
[2017.10.06-22.02.36:210][854]LogModuleManager: Shutting down and abandoning module CableComponent (318)
[2017.10.06-22.02.36:210][854]LogModuleManager: Shutting down and abandoning module ArchVisCharacter (316)
[2017.10.06-22.02.36:210][854]LogModuleManager: Shutting down and abandoning module AndroidPermission (314)
[2017.10.06-22.02.36:210][854]LogModuleManager: Shutting down and abandoning module MediaPlayerEditor (310)
[2017.10.06-22.02.36:210][854]LogModuleManager: Shutting down and abandoning module HTML5Networking (308)
[2017.10.06-22.02.36:210][854]LogModuleManager: Shutting down and abandoning module AlembicImporter (306)
[2017.10.06-22.02.36:210][854]LogModuleManager: Shutting down and abandoning module AlembicLibrary (305)
[2017.10.06-22.02.36:210][854]LogModuleManager: Shutting down and abandoning module GeometryCache (304)
[2017.10.06-22.02.36:210][854]LogModuleManager: Shutting down and abandoning module GeometryCacheEd (303)
[2017.10.06-22.02.36:210][854]LogModuleManager: Shutting down and abandoning module SpeedTreeImporter (298)
[2017.10.06-22.02.36:210][854]LogModuleManager: Shutting down and abandoning module PluginBrowser (296)
[2017.10.06-22.02.36:210][854]LogModuleManager: Shutting down and abandoning module MobileLauncherProfileWizard (294)
[2017.10.06-22.02.36:211][854]LogModuleManager: Shutting down and abandoning module VisualStudioSourceCodeAccess (292)
[2017.10.06-22.02.36:211][854]LogModuleManager: Shutting down and abandoning module DesktopPlatform (291)
[2017.10.06-22.02.36:211][854]LogModuleManager: Shutting down and abandoning module UObjectPlugin (288)
[2017.10.06-22.02.36:211][854]LogModuleManager: Shutting down and abandoning module SubversionSourceControl (286)
[2017.10.06-22.02.36:211][854]LogModuleManager: Shutting down and abandoning module PerforceSourceControl (284)
[2017.10.06-22.02.36:211][854]LogModuleManager: Shutting down and abandoning module GitSourceControl (282)
[2017.10.06-22.02.36:211][854]LogModuleManager: Shutting down and abandoning module SourceControl (281)
[2017.10.06-22.02.36:211][854]LogModuleManager: Shutting down and abandoning module LightPropagationVolumeEditor (278)
[2017.10.06-22.02.36:211][854]LogModuleManager: Shutting down and abandoning module PaperTiledImporter (276)
[2017.10.06-22.02.36:211][854]LogModuleManager: Shutting down and abandoning module PaperSpriteSheetImporter (274)
[2017.10.06-22.02.36:211][854]LogModuleManager: Shutting down and abandoning module Paper2DEditor (272)
[2017.10.06-22.02.36:211][854]LogModuleManager: Shutting down and abandoning module MeshPaint (271)
[2017.10.06-22.02.36:211][854]LogModuleManager: Shutting down and abandoning module LevelEditor (269)
[2017.10.06-22.02.36:212][854]LogModuleManager: Shutting down and abandoning module PixelInspectorModule (268)
[2017.10.06-22.02.36:212][854]LogModuleManager: Shutting down and abandoning module MainFrame (266)
[2017.10.06-22.02.36:212][854]LogModuleManager: Shutting down and abandoning module HotReload (265)
[2017.10.06-22.02.36:212][854]LogModuleManager: Shutting down and abandoning module RuntimePhysXCooking (260)
[2017.10.06-22.02.36:213][854]LogModuleManager: Shutting down and abandoning module PhysXVehiclesEditor (258)
[2017.10.06-22.02.36:213][854]LogModuleManager: Shutting down and abandoning module PhysXVehicles (256)
[2017.10.06-22.02.36:213][854]LogModuleManager: Shutting down and abandoning module OculusEditor (254)
[2017.10.06-22.02.36:213][854]LogModuleManager: Shutting down and abandoning module LocationServicesBPLibrary (252)
[2017.10.06-22.02.36:213][854]LogModuleManager: Shutting down and abandoning module ImmediatePhysicsEditor (250)
[2017.10.06-22.02.36:213][854]LogModuleManager: Shutting down and abandoning module ImmediatePhysics (248)
[2017.10.06-22.02.36:213][854]LogModuleManager: Shutting down and abandoning module UdpMessaging (246)
[2017.10.06-22.02.36:313][854]LogModuleManager: Shutting down and abandoning module TcpMessaging (244)
[2017.10.06-22.02.36:414][854]LogModuleManager: Shutting down and abandoning module GameplayTagsEditor (242)
[2017.10.06-22.02.36:414][854]LogModuleManager: Shutting down and abandoning module FacialAnimationEditor (240)
[2017.10.06-22.02.36:414][854]LogModuleManager: Shutting down and abandoning module FacialAnimation (238)
[2017.10.06-22.02.36:414][854]LogModuleManager: Shutting down and abandoning module AssetManagerEditor (236)
[2017.10.06-22.02.36:414][854]LogModuleManager: Shutting down and abandoning module GraphEditor (235)
[2017.10.06-22.02.36:414][854]LogModuleManager: Shutting down and abandoning module ContentBrowser (233)
[2017.10.06-22.02.36:415][854]LogModuleManager: Shutting down and abandoning module LightPropagationVolumeRuntime (230)
[2017.10.06-22.02.36:415][854]LogModuleManager: Shutting down and abandoning module Paper2D (228)
[2017.10.06-22.02.36:415][854]LogModuleManager: Shutting down and abandoning module WindowsMoviePlayer (226)
[2017.10.06-22.02.36:415][854]LogModuleManager: Shutting down and abandoning module WmfMedia (224)
[2017.10.06-22.02.36:415][854]LogModuleManager: Shutting down and abandoning module PacketHandler (222)
[2017.10.06-22.02.36:415][854]LogModuleManager: Shutting down and abandoning module ClothingSystemEditor (220)
[2017.10.06-22.02.36:415][854]LogModuleManager: Shutting down and abandoning module ClothingSystemRuntime (218)
[2017.10.06-22.02.36:415][854]LogModuleManager: Shutting down and abandoning module Overlay (216)
[2017.10.06-22.02.36:415][854]LogModuleManager: Shutting down and abandoning module OverlayEditor (215)
[2017.10.06-22.02.36:415][854]LogModuleManager: Shutting down and abandoning module MediaAssets (212)
[2017.10.06-22.02.36:415][854]LogModuleManager: Shutting down and abandoning module VREditor (210)
[2017.10.06-22.02.36:415][854]LogModuleManager: Shutting down and abandoning module StringTableEditor (208)
[2017.10.06-22.02.36:415][854]LogModuleManager: Shutting down and abandoning module GameplayTasksEditor (206)
[2017.10.06-22.02.36:415][854]LogModuleManager: Shutting down and abandoning module BehaviorTreeEditor (204)
[2017.10.06-22.02.36:415][854]LogModuleManager: Shutting down and abandoning module FunctionalTesting (202)
[2017.10.06-22.02.36:415][854]LogModuleManager: Shutting down and abandoning module CollisionAnalyzer (200)
[2017.10.06-22.02.36:415][854]LogModuleManager: Shutting down and abandoning module WorkspaceMenuStructure (199)
[2017.10.06-22.02.36:415][854]LogModuleManager: Shutting down and abandoning module UMG (196)
[2017.10.06-22.02.36:415][854]LogModuleManager: Shutting down and abandoning module UMGEditor (195)
[2017.10.06-22.02.36:415][854]LogModuleManager: Shutting down and abandoning module Sequencer (194)
[2017.10.06-22.02.36:415][854]LogModuleManager: Shutting down and abandoning module MessageLog (191)
[2017.10.06-22.02.36:415][854]LogModuleManager: Shutting down and abandoning module SlateReflector (186)
[2017.10.06-22.02.36:416][854]LogModuleManager: Shutting down and abandoning module Slate (184)
[2017.10.06-22.02.36:416][854]LogModuleManager: Shutting down and abandoning module EditorStyle (182)
[2017.10.06-22.02.36:417][854]LogModuleManager: Shutting down and abandoning module MRMesh (180)
[2017.10.06-22.02.36:418][854]LogModuleManager: Shutting down and abandoning module SourceCodeAccess (178)
[2017.10.06-22.02.36:418][854]LogModuleManager: Shutting down and abandoning module HeadMountedDisplay (176)
[2017.10.06-22.02.36:418][854]LogModuleManager: Shutting down and abandoning module XAudio2 (174)
[2017.10.06-22.02.36:418][854]LogModuleManager: Shutting down and abandoning module Networking (172)
[2017.10.06-22.02.36:418][854]LogModuleManager: Shutting down and abandoning module Core (168)
[2017.10.06-22.02.36:418][854]LogModuleManager: Shutting down and abandoning module KismetCompiler (164)
[2017.10.06-22.02.36:418][854]LogModuleManager: Shutting down and abandoning module LevelSequence (162)
[2017.10.06-22.02.36:418][854]LogModuleManager: Shutting down and abandoning module MeshUtilities (160)
[2017.10.06-22.02.36:418][854]LogModuleManager: Shutting down and abandoning module MeshMergeUtilities (159)
[2017.10.06-22.02.36:418][854]LogModuleManager: Shutting down and abandoning module MeshReductionInterface (158)
[2017.10.06-22.02.36:418][854]LogModuleManager: Shutting down and abandoning module SimplygonSwarm (157)
[2017.10.06-22.02.36:418][854]LogModuleManager: Shutting down and abandoning module SimplygonMeshReduction (155)
[2017.10.06-22.02.36:418][854]LogModuleManager: Shutting down and abandoning module QuadricMeshReduction (153)
[2017.10.06-22.02.36:418][854]LogModuleManager: Shutting down and abandoning module MaterialBaking (149)
[2017.10.06-22.02.36:418][854]LogModuleManager: Shutting down and abandoning module DirectoryWatcher (146)
[2017.10.06-22.02.36:418][854]LogModuleManager: Shutting down and abandoning module DerivedDataCache (144)
[2017.10.06-22.02.36:457][854]LogDerivedDataCache: Shutdown
[2017.10.06-22.02.36:457][854]LogModuleManager: Shutting down and abandoning module TargetPlatform (142)
[2017.10.06-22.02.36:457][854]LogModuleManager: Shutting down and abandoning module VulkanShaderFormat (141)
[2017.10.06-22.02.36:457][854]LogModuleManager: Shutting down and abandoning module ShaderFormatVectorVM (139)
[2017.10.06-22.02.36:457][854]LogModuleManager: Shutting down and abandoning module ShaderFormatOpenGL (137)
[2017.10.06-22.02.36:457][854]LogModuleManager: Shutting down and abandoning module ShaderFormatD3D (135)
[2017.10.06-22.02.36:457][854]LogModuleManager: Shutting down and abandoning module MetalShaderFormat (133)
[2017.10.06-22.02.36:457][854]LogModuleManager: Shutting down and abandoning module TextureFormatUncompressed (131)
[2017.10.06-22.02.36:457][854]LogModuleManager: Shutting down and abandoning module TextureFormatPVR (129)
[2017.10.06-22.02.36:457][854]LogModuleManager: Shutting down and abandoning module TextureFormatDXT (127)
[2017.10.06-22.02.36:457][854]LogModuleManager: Shutting down and abandoning module TextureFormatIntelISPCTexComp (125)
[2017.10.06-22.02.36:457][854]LogModuleManager: Shutting down and abandoning module TextureFormatASTC (123)
[2017.10.06-22.02.36:457][854]LogModuleManager: Shutting down and abandoning module ImageWrapper (122)
[2017.10.06-22.02.36:457][854]LogModuleManager: Shutting down and abandoning module TextureFormatAndroid (119)
[2017.10.06-22.02.36:457][854]LogModuleManager: Shutting down and abandoning module AudioFormatOpus (117)
[2017.10.06-22.02.36:457][854]LogModuleManager: Shutting down and abandoning module AudioFormatOgg (115)
[2017.10.06-22.02.36:457][854]LogModuleManager: Shutting down and abandoning module AudioFormatADPCM (113)
[2017.10.06-22.02.36:457][854]LogModuleManager: Shutting down and abandoning module LinuxTargetPlatform (111)
[2017.10.06-22.02.36:458][854]LogModuleManager: Shutting down and abandoning module LinuxServerTargetPlatform (109)
[2017.10.06-22.02.36:458][854]LogModuleManager: Shutting down and abandoning module LinuxNoEditorTargetPlatform (107)
[2017.10.06-22.02.36:458][854]LogModuleManager: Shutting down and abandoning module LinuxClientTargetPlatform (105)
[2017.10.06-22.02.36:458][854]LogModuleManager: Shutting down and abandoning module TVOSTargetPlatform (103)
[2017.10.06-22.02.36:458][854]LogModuleManager: Shutting down and abandoning module Messaging (101)
[2017.10.06-22.02.36:458][854]LogModuleManager: Shutting down and abandoning module IOSTargetPlatform (99)
[2017.10.06-22.02.36:458][854]LogModuleManager: Shutting down and abandoning module HTML5TargetPlatform (97)
[2017.10.06-22.02.36:458][854]LogModuleManager: Shutting down and abandoning module Android_PVRTCTargetPlatform (95)
[2017.10.06-22.02.36:458][854]LogModuleManager: Shutting down and abandoning module Android_MultiTargetPlatform (93)
[2017.10.06-22.02.36:458][854]LogModuleManager: Shutting down and abandoning module Android_ETC2TargetPlatform (91)
[2017.10.06-22.02.36:458][854]LogModuleManager: Shutting down and abandoning module Android_ETC1TargetPlatform (89)
[2017.10.06-22.02.36:458][854]LogModuleManager: Shutting down and abandoning module Android_DXTTargetPlatform (87)
[2017.10.06-22.02.36:458][854]LogModuleManager: Shutting down and abandoning module Android_ATCTargetPlatform (85)
[2017.10.06-22.02.36:458][854]LogModuleManager: Shutting down and abandoning module Android_ASTCTargetPlatform (83)
[2017.10.06-22.02.36:458][854]LogModuleManager: Shutting down and abandoning module AndroidTargetPlatform (81)
[2017.10.06-22.02.36:458][854]LogModuleManager: Shutting down and abandoning module WindowsTargetPlatform (79)
[2017.10.06-22.02.36:458][854]LogModuleManager: Shutting down and abandoning module WindowsServerTargetPlatform (77)
[2017.10.06-22.02.36:458][854]LogModuleManager: Shutting down and abandoning module WindowsNoEditorTargetPlatform (75)
[2017.10.06-22.02.36:458][854]LogModuleManager: Shutting down and abandoning module WindowsClientTargetPlatform (73)
[2017.10.06-22.02.36:458][854]LogModuleManager: Shutting down and abandoning module MacTargetPlatform (71)
[2017.10.06-22.02.36:458][854]LogModuleManager: Shutting down and abandoning module MacServerTargetPlatform (69)
[2017.10.06-22.02.36:458][854]LogModuleManager: Shutting down and abandoning module MacNoEditorTargetPlatform (67)
[2017.10.06-22.02.36:458][854]LogModuleManager: Shutting down and abandoning module MacClientTargetPlatform (65)
[2017.10.06-22.02.36:458][854]LogModuleManager: Shutting down and abandoning module AllDesktopTargetPlatform (63)
[2017.10.06-22.02.36:458][854]LogModuleManager: Shutting down and abandoning module InputCore (60)
[2017.10.06-22.02.36:458][854]LogModuleManager: Shutting down and abandoning module Settings (58)
[2017.10.06-22.02.36:458][854]LogModuleManager: Shutting down and abandoning module PhysXCooking (56)
[2017.10.06-22.02.36:458][854]LogModuleManager: Shutting down and abandoning module SteamVR (54)
[2017.10.06-22.02.36:458][854]LogModuleManager: Shutting down and abandoning module OculusHMD (52)
[2017.10.06-22.02.36:458][854]LogModuleManager: Shutting down and abandoning module ExampleDeviceProfileSelector (50)
[2017.10.06-22.02.36:458][854]LogModuleManager: Shutting down and abandoning module OnlineBlueprintSupport (48)
[2017.10.06-22.02.36:458][854]LogModuleManager: Shutting down and abandoning module OnlineSubsystem (44)
[2017.10.06-22.02.36:458][854]LogOnline: Display: Unloading online subsystem: NULL
[2017.10.06-22.02.36:458][854]LogModuleManager: Shutting down and abandoning module XMPP (43)
[2017.10.06-22.02.36:458][854]LogModuleManager: Shutting down and abandoning module HTTP (41)
[2017.10.06-22.02.36:458][854]LogHttp: Display: Http module shutting down, but needs to wait on 1 outstanding Http requests:
[2017.10.06-22.02.36:458][854]LogHttp: Display: 	verb=[POST] url=[https://datarouter.ol.epicgames.com/datarouter/api/v1/public/data?SessionID=%7B7B8A9F13-486E-D4C9-318C-C785F7FC354A%7D&AppID=UEEditor.Rocket.Release&AppVersion=4.17.1-3586342%2B%2B%2BUE4%2BRelease-4.17&UserID=dd02c98846016d5a91795cb0fc16696b%7Ccea631f5191943de9417f4af221f0845%7C91ed3f48-4df8-4936-ad44-a5390bccce2a&AppEnvironment=datacollector-binary&UploadType=eteventstream] status=Processing
[2017.10.06-22.02.36:473][854]LogModuleManager: Shutting down and abandoning module SSL (40)
[2017.10.06-22.02.36:474][854]LogModuleManager: Shutting down and abandoning module AnimationModifiers (36)
[2017.10.06-22.02.36:474][854]LogModuleManager: Shutting down and abandoning module PropertyEditor (35)
[2017.10.06-22.02.36:474][854]LogModuleManager: Shutting down and abandoning module AudioEditor (32)
[2017.10.06-22.02.36:474][854]LogModuleManager: Shutting down and abandoning module TextureCompressor (30)
[2017.10.06-22.02.36:474][854]LogModuleManager: Shutting down and abandoning module ShaderCore (28)
[2017.10.06-22.02.36:474][854]LogModuleManager: Shutting down and abandoning module Landscape (26)
[2017.10.06-22.02.36:474][854]LogModuleManager: Shutting down and abandoning module SlateRHIRenderer (24)
[2017.10.06-22.02.36:476][854]LogModuleManager: Shutting down and abandoning module OpenGLDrv (22)
[2017.10.06-22.02.36:476][854]LogModuleManager: Shutting down and abandoning module D3D11RHI (20)
[2017.10.06-22.02.36:476][854]LogModuleManager: Shutting down and abandoning module AnimGraphRuntime (18)
[2017.10.06-22.02.36:476][854]LogModuleManager: Shutting down and abandoning module Renderer (16)
[2017.10.06-22.02.36:476][854]LogModuleManager: Shutting down and abandoning module Engine (14)
[2017.10.06-22.02.36:476][854]LogModuleManager: Shutting down and abandoning module CoreUObject (12)
[2017.10.06-22.02.36:476][854]LogModuleManager: Shutting down and abandoning module NetworkFile (10)
[2017.10.06-22.02.36:476][854]LogModuleManager: Shutting down and abandoning module CookedIterativeFile (8)
[2017.10.06-22.02.36:476][854]LogModuleManager: Shutting down and abandoning module StreamingFile (6)
[2017.10.06-22.02.36:476][854]LogModuleManager: Shutting down and abandoning module SandboxFile (4)
[2017.10.06-22.02.36:476][854]LogModuleManager: Shutting down and abandoning module PakFile (2)
[2017.10.06-22.02.36:479][854]LogExit: Exiting.
[2017.10.06-22.02.36:489][854]Log file closed, 10/07/17 00:02:36
